#
# There is insufficient memory for the Java Runtime Environment to continue.
# Native memory allocation (malloc) failed to allocate 1370416 bytes. Error detail: Chunk::new
# Possible reasons:
#   The system is out of physical RAM or swap space
#   This process is running with CompressedOops enabled, and the Java Heap may be blocking the growth of the native heap
# Possible solutions:
#   Reduce memory load on the system
#   Increase physical memory or swap space
#   Check if swap backing store is full
#   Decrease Java heap size (-Xmx/-Xms)
#   Decrease number of Java threads
#   Decrease Java thread stack sizes (-Xss)
#   Set larger code cache with -XX:ReservedCodeCacheSize=
#   JVM is running with Unscaled Compressed Oops mode in which the Java heap is
#     placed in the first 4GB address space. The Java Heap base address is the
#     maximum limit for the native heap growth. Please use -XX:HeapBaseMinAddress
#     to set the Java Heap base and to place the Java Heap above 4GB virtual address.
# This output file may be truncated or incomplete.
#
#  Out of Memory Error (arena.cpp:168), pid=3144, tid=2924
#
# JRE version: OpenJDK Runtime Environment Corretto-21.0.4.7.1 (21.0.4+7) (build 21.0.4+7-LTS)
# Java VM: OpenJDK 64-Bit Server VM Corretto-21.0.4.7.1 (21.0.4+7-LTS, mixed mode, sharing, tiered, compressed oops, compressed class ptrs, g1 gc, windows-amd64)
# No core dump will be written. Minidumps are not enabled by default on client versions of Windows
#

---------------  S U M M A R Y ------------

Command Line: --add-opens=java.base/java.util=ALL-UNNAMED --add-opens=java.base/java.lang=ALL-UNNAMED --add-opens=java.base/java.lang.invoke=ALL-UNNAMED --add-opens=java.prefs/java.util.prefs=ALL-UNNAMED --add-opens=java.base/java.nio.charset=ALL-UNNAMED --add-opens=java.base/java.net=ALL-UNNAMED --add-opens=java.base/java.util.concurrent.atomic=ALL-UNNAMED -XX:MaxMetaspaceSize=384m -XX:+HeapDumpOnOutOfMemoryError -Xms256m -Xmx512m -Dfile.encoding=windows-1252 -Duser.country=US -Duser.language=en -Duser.variant -javaagent:C:\Users\jagan\.gradle\wrapper\dists\gradle-8.5-bin\5t9huq95ubn472n8rpzujfbqh\gradle-8.5\lib\agents\gradle-instrumentation-agent-8.5.jar org.gradle.launcher.daemon.bootstrap.GradleDaemon 8.5

Host: 12th Gen Intel(R) Core(TM) i5-1235U, 12 cores, 7G,  Windows 11 , 64 bit Build 22621 (10.0.22621.3958)
Time: Fri Aug 30 15:10:31 2024 India Standard Time elapsed time: 4.372821 seconds (0d 0h 0m 4s)

---------------  T H R E A D  ---------------

Current thread (0x0000021be301c9f0):  JavaThread "C2 CompilerThread0" daemon [_thread_in_native, id=2924, stack(0x000000f46b600000,0x000000f46b700000) (1024K)]


Current CompileTask:
C2:   4372 2599       4       java.net.URLClassLoader$1::run (5 bytes)

Stack: [0x000000f46b600000,0x000000f46b700000]
Native frames: (J=compiled Java code, j=interpreted, Vv=VM code, C=native code)
V  [jvm.dll+0x6d83d9]
V  [jvm.dll+0x8b39f3]
V  [jvm.dll+0x8b5d4e]
V  [jvm.dll+0x8b6433]
V  [jvm.dll+0x285816]
V  [jvm.dll+0xc608d]
V  [jvm.dll+0xc65c3]
V  [jvm.dll+0x3bf061]
V  [jvm.dll+0x1e48c4]
V  [jvm.dll+0x24de04]
V  [jvm.dll+0x24d281]
V  [jvm.dll+0x1cbda4]
V  [jvm.dll+0x25c819]
V  [jvm.dll+0x25adcb]
V  [jvm.dll+0x3f9936]
V  [jvm.dll+0x85c768]
V  [jvm.dll+0x6d6bdd]
C  [ucrtbase.dll+0x29333]
C  [KERNEL32.DLL+0x1257d]
C  [ntdll.dll+0x5af28]


---------------  P R O C E S S  ---------------

Threads class SMR info:
_java_thread_list=0x0000021be55cdbb0, length=25, elements={
0x0000021bae90b3a0, 0x0000021bc9bfe4d0, 0x0000021be3000540, 0x0000021be30037b0,
0x0000021be3007330, 0x0000021be3007f40, 0x0000021be3008f60, 0x0000021be301c9f0,
0x0000021be301f8b0, 0x0000021be30d7a80, 0x0000021be3239fe0, 0x0000021be49e8240,
0x0000021be3ce1f10, 0x0000021be4d8a360, 0x0000021be4d634a0, 0x0000021be4d86a50,
0x0000021be4e76010, 0x0000021be4d7d530, 0x0000021be4c92000, 0x0000021be4c92d20,
0x0000021be4c93a40, 0x0000021be4c905c0, 0x0000021be4c912e0, 0x0000021be5230560,
0x0000021be4c92690
}

Java Threads: ( => current thread )
  0x0000021bae90b3a0 JavaThread "main"                              [_thread_blocked, id=21968, stack(0x000000f46a800000,0x000000f46a900000) (1024K)]
  0x0000021bc9bfe4d0 JavaThread "Reference Handler"          daemon [_thread_blocked, id=43068, stack(0x000000f46b000000,0x000000f46b100000) (1024K)]
  0x0000021be3000540 JavaThread "Finalizer"                  daemon [_thread_blocked, id=26976, stack(0x000000f46b100000,0x000000f46b200000) (1024K)]
  0x0000021be30037b0 JavaThread "Signal Dispatcher"          daemon [_thread_blocked, id=40740, stack(0x000000f46b200000,0x000000f46b300000) (1024K)]
  0x0000021be3007330 JavaThread "Attach Listener"            daemon [_thread_blocked, id=45388, stack(0x000000f46b300000,0x000000f46b400000) (1024K)]
  0x0000021be3007f40 JavaThread "Service Thread"             daemon [_thread_blocked, id=36860, stack(0x000000f46b400000,0x000000f46b500000) (1024K)]
  0x0000021be3008f60 JavaThread "Monitor Deflation Thread"   daemon [_thread_blocked, id=27616, stack(0x000000f46b500000,0x000000f46b600000) (1024K)]
=>0x0000021be301c9f0 JavaThread "C2 CompilerThread0"         daemon [_thread_in_native, id=2924, stack(0x000000f46b600000,0x000000f46b700000) (1024K)]
  0x0000021be301f8b0 JavaThread "C1 CompilerThread0"         daemon [_thread_blocked, id=46004, stack(0x000000f46b700000,0x000000f46b800000) (1024K)]
  0x0000021be30d7a80 JavaThread "Common-Cleaner"             daemon [_thread_blocked, id=40956, stack(0x000000f46b800000,0x000000f46b900000) (1024K)]
  0x0000021be3239fe0 JavaThread "Notification Thread"        daemon [_thread_blocked, id=45620, stack(0x000000f46ba00000,0x000000f46bb00000) (1024K)]
  0x0000021be49e8240 JavaThread "Daemon health stats"               [_thread_blocked, id=17640, stack(0x000000f46b900000,0x000000f46ba00000) (1024K)]
  0x0000021be3ce1f10 JavaThread "Incoming local TCP Connector on port 63258"        [_thread_in_native, id=29004, stack(0x000000f46c100000,0x000000f46c200000) (1024K)]
  0x0000021be4d8a360 JavaThread "Daemon periodic checks"            [_thread_blocked, id=24488, stack(0x000000f46c200000,0x000000f46c300000) (1024K)]
  0x0000021be4d634a0 JavaThread "Daemon"                            [_thread_blocked, id=45724, stack(0x000000f46c300000,0x000000f46c400000) (1024K)]
  0x0000021be4d86a50 JavaThread "Handler for socket connection from /127.0.0.1:63258 to /127.0.0.1:63259"        [_thread_in_native, id=25728, stack(0x000000f46c400000,0x000000f46c500000) (1024K)]
  0x0000021be4e76010 JavaThread "Cancel handler"                    [_thread_blocked, id=40620, stack(0x000000f46c500000,0x000000f46c600000) (1024K)]
  0x0000021be4d7d530 JavaThread "Daemon worker"                     [_thread_in_Java, id=11688, stack(0x000000f46c600000,0x000000f46c700000) (1024K)]
  0x0000021be4c92000 JavaThread "Asynchronous log dispatcher for DefaultDaemonConnection: socket connection from /127.0.0.1:63258 to /127.0.0.1:63259"        [_thread_blocked, id=42476, stack(0x000000f46c700000,0x000000f46c800000) (1024K)]
  0x0000021be4c92d20 JavaThread "Stdin handler"                     [_thread_blocked, id=44276, stack(0x000000f46c800000,0x000000f46c900000) (1024K)]
  0x0000021be4c93a40 JavaThread "Daemon client event forwarder"        [_thread_blocked, id=41888, stack(0x000000f46c900000,0x000000f46ca00000) (1024K)]
  0x0000021be4c905c0 JavaThread "Cache worker for journal cache (C:\Users\jagan\.gradle\caches\journal-1)"        [_thread_blocked, id=37252, stack(0x000000f46ca00000,0x000000f46cb00000) (1024K)]
  0x0000021be4c912e0 JavaThread "File lock request listener"        [_thread_in_native, id=30556, stack(0x000000f46cb00000,0x000000f46cc00000) (1024K)]
  0x0000021be5230560 JavaThread "C2 CompilerThread1"         daemon [_thread_in_native, id=24392, stack(0x000000f46c000000,0x000000f46c100000) (1024K)]
  0x0000021be4c92690 JavaThread "Cache worker for file hash cache (C:\Users\jagan\.gradle\caches\8.5\fileHashes)"        [_thread_blocked, id=15124, stack(0x000000f46cc00000,0x000000f46cd00000) (1024K)]
Total: 25

Other Threads:
  0x0000021bc9be2450 VMThread "VM Thread"                           [id=41924, stack(0x000000f46af00000,0x000000f46b000000) (1024K)]
  0x0000021bc9bc99b0 WatcherThread "VM Periodic Task Thread"        [id=44532, stack(0x000000f46ae00000,0x000000f46af00000) (1024K)]
  0x0000021bae936630 WorkerThread "GC Thread#0"                     [id=33996, stack(0x000000f46a900000,0x000000f46aa00000) (1024K)]
  0x0000021be3a91370 WorkerThread "GC Thread#1"                     [id=41596, stack(0x000000f46bb00000,0x000000f46bc00000) (1024K)]
  0x0000021be3a91710 WorkerThread "GC Thread#2"                     [id=39072, stack(0x000000f46bc00000,0x000000f46bd00000) (1024K)]
  0x0000021be3e3bdb0 WorkerThread "GC Thread#3"                     [id=44904, stack(0x000000f46bd00000,0x000000f46be00000) (1024K)]
  0x0000021be3e3c150 WorkerThread "GC Thread#4"                     [id=43724, stack(0x000000f46be00000,0x000000f46bf00000) (1024K)]
  0x0000021be3e3c4f0 WorkerThread "GC Thread#5"                     [id=40788, stack(0x000000f46bf00000,0x000000f46c000000) (1024K)]
  0x0000021bae93bf60 ConcurrentGCThread "G1 Main Marker"            [id=5244, stack(0x000000f46aa00000,0x000000f46ab00000) (1024K)]
  0x0000021bae93ca60 WorkerThread "G1 Conc#0"                       [id=45928, stack(0x000000f46ab00000,0x000000f46ac00000) (1024K)]
  0x0000021bae9ce800 ConcurrentGCThread "G1 Refine#0"               [id=27400, stack(0x000000f46ac00000,0x000000f46ad00000) (1024K)]
  0x0000021bc9a989f0 ConcurrentGCThread "G1 Service"                [id=30448, stack(0x000000f46ad00000,0x000000f46ae00000) (1024K)]
Total: 12

Threads with active compile tasks:
C2 CompilerThread0     4414 2599       4       java.net.URLClassLoader$1::run (5 bytes)
C2 CompilerThread1     4414 2594   !   4       java.net.URLClassLoader::findClass (47 bytes)
Total: 2

VM state: not at safepoint (normal execution)

VM Mutex/Monitor currently owned by a thread: None

Heap address: 0x00000000e0000000, size: 512 MB, Compressed Oops mode: 32-bit

CDS archive(s) mapped at: [0x0000021bca000000-0x0000021bcac90000-0x0000021bcac90000), size 13172736, SharedBaseAddress: 0x0000021bca000000, ArchiveRelocationMode: 1.
Compressed class space mapped at: 0x0000021bcb000000-0x0000021bdf000000, reserved size: 335544320
Narrow klass base: 0x0000021bca000000, Narrow klass shift: 0, Narrow klass range: 0x100000000

GC Precious Log:
 CardTable entry size: 512
 Card Set container configuration: InlinePtr #cards 5 size 8 Array Of Cards #cards 12 size 40 Howl #buckets 4 coarsen threshold 1843 Howl Bitmap #cards 512 size 80 coarsen threshold 460 Card regions per heap region 1 cards per card region 2048
 CPUs: 12 total, 12 available
 Memory: 7886M
 Large Page Support: Disabled
 NUMA Support: Disabled
 Compressed Oops: Enabled (32-bit)
 Heap Region Size: 1M
 Heap Min Capacity: 256M
 Heap Initial Capacity: 256M
 Heap Max Capacity: 512M
 Pre-touch: Disabled
 Parallel Workers: 10
 Concurrent Workers: 3
 Concurrent Refinement Workers: 10
 Periodic GC: Disabled

Heap:
 garbage-first heap   total 262144K, used 97297K [0x00000000e0000000, 0x0000000100000000)
  region size 1024K, 86 young (88064K), 1 survivors (1024K)
 Metaspace       used 18314K, committed 18880K, reserved 393216K
  class space    used 2641K, committed 2880K, reserved 327680K

Heap Regions: E=young(eden), S=young(survivor), O=old, HS=humongous(starts), HC=humongous(continues), CS=collection set, F=free, TAMS=top-at-mark-start, PB=parsable bottom
|   0|0x00000000e0000000, 0x00000000e0100000, 0x00000000e0100000|100%|HS|  |TAMS 0x00000000e0000000| PB 0x00000000e0000000| Complete 
|   1|0x00000000e0100000, 0x00000000e0200000, 0x00000000e0200000|100%|HC|  |TAMS 0x00000000e0100000| PB 0x00000000e0100000| Complete 
|   2|0x00000000e0200000, 0x00000000e0300000, 0x00000000e0300000|100%|HC|  |TAMS 0x00000000e0200000| PB 0x00000000e0200000| Complete 
|   3|0x00000000e0300000, 0x00000000e0400000, 0x00000000e0400000|100%|HC|  |TAMS 0x00000000e0300000| PB 0x00000000e0300000| Complete 
|   4|0x00000000e0400000, 0x00000000e0500000, 0x00000000e0500000|100%| O|  |TAMS 0x00000000e0400000| PB 0x00000000e0400000| Untracked 
|   5|0x00000000e0500000, 0x00000000e0600000, 0x00000000e0600000|100%| O|  |TAMS 0x00000000e0500000| PB 0x00000000e0500000| Untracked 
|   6|0x00000000e0600000, 0x00000000e0700000, 0x00000000e0700000|100%| O|  |TAMS 0x00000000e0600000| PB 0x00000000e0600000| Untracked 
|   7|0x00000000e0700000, 0x00000000e0800000, 0x00000000e0800000|100%| O|  |TAMS 0x00000000e0700000| PB 0x00000000e0700000| Untracked 
|   8|0x00000000e0800000, 0x00000000e0900000, 0x00000000e0900000|100%| O|  |TAMS 0x00000000e0800000| PB 0x00000000e0800000| Untracked 
|   9|0x00000000e0900000, 0x00000000e0a00000, 0x00000000e0a00000|100%| O|  |TAMS 0x00000000e0900000| PB 0x00000000e0900000| Untracked 
|  10|0x00000000e0a00000, 0x00000000e0a2da80, 0x00000000e0b00000| 17%| O|  |TAMS 0x00000000e0a00000| PB 0x00000000e0a00000| Untracked 
|  11|0x00000000e0b00000, 0x00000000e0c00000, 0x00000000e0c00000|100%|HS|  |TAMS 0x00000000e0b00000| PB 0x00000000e0b00000| Complete 
|  12|0x00000000e0c00000, 0x00000000e0c00000, 0x00000000e0d00000|  0%| F|  |TAMS 0x00000000e0c00000| PB 0x00000000e0c00000| Untracked 
|  13|0x00000000e0d00000, 0x00000000e0d00000, 0x00000000e0e00000|  0%| F|  |TAMS 0x00000000e0d00000| PB 0x00000000e0d00000| Untracked 
|  14|0x00000000e0e00000, 0x00000000e0e00000, 0x00000000e0f00000|  0%| F|  |TAMS 0x00000000e0e00000| PB 0x00000000e0e00000| Untracked 
|  15|0x00000000e0f00000, 0x00000000e0f00000, 0x00000000e1000000|  0%| F|  |TAMS 0x00000000e0f00000| PB 0x00000000e0f00000| Untracked 
|  16|0x00000000e1000000, 0x00000000e1000000, 0x00000000e1100000|  0%| F|  |TAMS 0x00000000e1000000| PB 0x00000000e1000000| Untracked 
|  17|0x00000000e1100000, 0x00000000e1100000, 0x00000000e1200000|  0%| F|  |TAMS 0x00000000e1100000| PB 0x00000000e1100000| Untracked 
|  18|0x00000000e1200000, 0x00000000e1200000, 0x00000000e1300000|  0%| F|  |TAMS 0x00000000e1200000| PB 0x00000000e1200000| Untracked 
|  19|0x00000000e1300000, 0x00000000e1300000, 0x00000000e1400000|  0%| F|  |TAMS 0x00000000e1300000| PB 0x00000000e1300000| Untracked 
|  20|0x00000000e1400000, 0x00000000e1400000, 0x00000000e1500000|  0%| F|  |TAMS 0x00000000e1400000| PB 0x00000000e1400000| Untracked 
|  21|0x00000000e1500000, 0x00000000e1500000, 0x00000000e1600000|  0%| F|  |TAMS 0x00000000e1500000| PB 0x00000000e1500000| Untracked 
|  22|0x00000000e1600000, 0x00000000e1600000, 0x00000000e1700000|  0%| F|  |TAMS 0x00000000e1600000| PB 0x00000000e1600000| Untracked 
|  23|0x00000000e1700000, 0x00000000e1700000, 0x00000000e1800000|  0%| F|  |TAMS 0x00000000e1700000| PB 0x00000000e1700000| Untracked 
|  24|0x00000000e1800000, 0x00000000e1800000, 0x00000000e1900000|  0%| F|  |TAMS 0x00000000e1800000| PB 0x00000000e1800000| Untracked 
|  25|0x00000000e1900000, 0x00000000e1900000, 0x00000000e1a00000|  0%| F|  |TAMS 0x00000000e1900000| PB 0x00000000e1900000| Untracked 
|  26|0x00000000e1a00000, 0x00000000e1a00000, 0x00000000e1b00000|  0%| F|  |TAMS 0x00000000e1a00000| PB 0x00000000e1a00000| Untracked 
|  27|0x00000000e1b00000, 0x00000000e1b00000, 0x00000000e1c00000|  0%| F|  |TAMS 0x00000000e1b00000| PB 0x00000000e1b00000| Untracked 
|  28|0x00000000e1c00000, 0x00000000e1c00000, 0x00000000e1d00000|  0%| F|  |TAMS 0x00000000e1c00000| PB 0x00000000e1c00000| Untracked 
|  29|0x00000000e1d00000, 0x00000000e1d00000, 0x00000000e1e00000|  0%| F|  |TAMS 0x00000000e1d00000| PB 0x00000000e1d00000| Untracked 
|  30|0x00000000e1e00000, 0x00000000e1e00000, 0x00000000e1f00000|  0%| F|  |TAMS 0x00000000e1e00000| PB 0x00000000e1e00000| Untracked 
|  31|0x00000000e1f00000, 0x00000000e1f00000, 0x00000000e2000000|  0%| F|  |TAMS 0x00000000e1f00000| PB 0x00000000e1f00000| Untracked 
|  32|0x00000000e2000000, 0x00000000e2000000, 0x00000000e2100000|  0%| F|  |TAMS 0x00000000e2000000| PB 0x00000000e2000000| Untracked 
|  33|0x00000000e2100000, 0x00000000e2100000, 0x00000000e2200000|  0%| F|  |TAMS 0x00000000e2100000| PB 0x00000000e2100000| Untracked 
|  34|0x00000000e2200000, 0x00000000e2200000, 0x00000000e2300000|  0%| F|  |TAMS 0x00000000e2200000| PB 0x00000000e2200000| Untracked 
|  35|0x00000000e2300000, 0x00000000e2300000, 0x00000000e2400000|  0%| F|  |TAMS 0x00000000e2300000| PB 0x00000000e2300000| Untracked 
|  36|0x00000000e2400000, 0x00000000e2400000, 0x00000000e2500000|  0%| F|  |TAMS 0x00000000e2400000| PB 0x00000000e2400000| Untracked 
|  37|0x00000000e2500000, 0x00000000e2500000, 0x00000000e2600000|  0%| F|  |TAMS 0x00000000e2500000| PB 0x00000000e2500000| Untracked 
|  38|0x00000000e2600000, 0x00000000e2600000, 0x00000000e2700000|  0%| F|  |TAMS 0x00000000e2600000| PB 0x00000000e2600000| Untracked 
|  39|0x00000000e2700000, 0x00000000e2700000, 0x00000000e2800000|  0%| F|  |TAMS 0x00000000e2700000| PB 0x00000000e2700000| Untracked 
|  40|0x00000000e2800000, 0x00000000e2800000, 0x00000000e2900000|  0%| F|  |TAMS 0x00000000e2800000| PB 0x00000000e2800000| Untracked 
|  41|0x00000000e2900000, 0x00000000e2900000, 0x00000000e2a00000|  0%| F|  |TAMS 0x00000000e2900000| PB 0x00000000e2900000| Untracked 
|  42|0x00000000e2a00000, 0x00000000e2a00000, 0x00000000e2b00000|  0%| F|  |TAMS 0x00000000e2a00000| PB 0x00000000e2a00000| Untracked 
|  43|0x00000000e2b00000, 0x00000000e2b00000, 0x00000000e2c00000|  0%| F|  |TAMS 0x00000000e2b00000| PB 0x00000000e2b00000| Untracked 
|  44|0x00000000e2c00000, 0x00000000e2c00000, 0x00000000e2d00000|  0%| F|  |TAMS 0x00000000e2c00000| PB 0x00000000e2c00000| Untracked 
|  45|0x00000000e2d00000, 0x00000000e2d00000, 0x00000000e2e00000|  0%| F|  |TAMS 0x00000000e2d00000| PB 0x00000000e2d00000| Untracked 
|  46|0x00000000e2e00000, 0x00000000e2e00000, 0x00000000e2f00000|  0%| F|  |TAMS 0x00000000e2e00000| PB 0x00000000e2e00000| Untracked 
|  47|0x00000000e2f00000, 0x00000000e2f00000, 0x00000000e3000000|  0%| F|  |TAMS 0x00000000e2f00000| PB 0x00000000e2f00000| Untracked 
|  48|0x00000000e3000000, 0x00000000e3000000, 0x00000000e3100000|  0%| F|  |TAMS 0x00000000e3000000| PB 0x00000000e3000000| Untracked 
|  49|0x00000000e3100000, 0x00000000e3100000, 0x00000000e3200000|  0%| F|  |TAMS 0x00000000e3100000| PB 0x00000000e3100000| Untracked 
|  50|0x00000000e3200000, 0x00000000e3200000, 0x00000000e3300000|  0%| F|  |TAMS 0x00000000e3200000| PB 0x00000000e3200000| Untracked 
|  51|0x00000000e3300000, 0x00000000e3300000, 0x00000000e3400000|  0%| F|  |TAMS 0x00000000e3300000| PB 0x00000000e3300000| Untracked 
|  52|0x00000000e3400000, 0x00000000e3400000, 0x00000000e3500000|  0%| F|  |TAMS 0x00000000e3400000| PB 0x00000000e3400000| Untracked 
|  53|0x00000000e3500000, 0x00000000e3500000, 0x00000000e3600000|  0%| F|  |TAMS 0x00000000e3500000| PB 0x00000000e3500000| Untracked 
|  54|0x00000000e3600000, 0x00000000e3600000, 0x00000000e3700000|  0%| F|  |TAMS 0x00000000e3600000| PB 0x00000000e3600000| Untracked 
|  55|0x00000000e3700000, 0x00000000e3700000, 0x00000000e3800000|  0%| F|  |TAMS 0x00000000e3700000| PB 0x00000000e3700000| Untracked 
|  56|0x00000000e3800000, 0x00000000e3800000, 0x00000000e3900000|  0%| F|  |TAMS 0x00000000e3800000| PB 0x00000000e3800000| Untracked 
|  57|0x00000000e3900000, 0x00000000e3900000, 0x00000000e3a00000|  0%| F|  |TAMS 0x00000000e3900000| PB 0x00000000e3900000| Untracked 
|  58|0x00000000e3a00000, 0x00000000e3a00000, 0x00000000e3b00000|  0%| F|  |TAMS 0x00000000e3a00000| PB 0x00000000e3a00000| Untracked 
|  59|0x00000000e3b00000, 0x00000000e3b00000, 0x00000000e3c00000|  0%| F|  |TAMS 0x00000000e3b00000| PB 0x00000000e3b00000| Untracked 
|  60|0x00000000e3c00000, 0x00000000e3c00000, 0x00000000e3d00000|  0%| F|  |TAMS 0x00000000e3c00000| PB 0x00000000e3c00000| Untracked 
|  61|0x00000000e3d00000, 0x00000000e3d00000, 0x00000000e3e00000|  0%| F|  |TAMS 0x00000000e3d00000| PB 0x00000000e3d00000| Untracked 
|  62|0x00000000e3e00000, 0x00000000e3e00000, 0x00000000e3f00000|  0%| F|  |TAMS 0x00000000e3e00000| PB 0x00000000e3e00000| Untracked 
|  63|0x00000000e3f00000, 0x00000000e3f00000, 0x00000000e4000000|  0%| F|  |TAMS 0x00000000e3f00000| PB 0x00000000e3f00000| Untracked 
|  64|0x00000000e4000000, 0x00000000e4000000, 0x00000000e4100000|  0%| F|  |TAMS 0x00000000e4000000| PB 0x00000000e4000000| Untracked 
|  65|0x00000000e4100000, 0x00000000e4100000, 0x00000000e4200000|  0%| F|  |TAMS 0x00000000e4100000| PB 0x00000000e4100000| Untracked 
|  66|0x00000000e4200000, 0x00000000e4200000, 0x00000000e4300000|  0%| F|  |TAMS 0x00000000e4200000| PB 0x00000000e4200000| Untracked 
|  67|0x00000000e4300000, 0x00000000e4300000, 0x00000000e4400000|  0%| F|  |TAMS 0x00000000e4300000| PB 0x00000000e4300000| Untracked 
|  68|0x00000000e4400000, 0x00000000e4400000, 0x00000000e4500000|  0%| F|  |TAMS 0x00000000e4400000| PB 0x00000000e4400000| Untracked 
|  69|0x00000000e4500000, 0x00000000e4500000, 0x00000000e4600000|  0%| F|  |TAMS 0x00000000e4500000| PB 0x00000000e4500000| Untracked 
|  70|0x00000000e4600000, 0x00000000e4600000, 0x00000000e4700000|  0%| F|  |TAMS 0x00000000e4600000| PB 0x00000000e4600000| Untracked 
|  71|0x00000000e4700000, 0x00000000e4700000, 0x00000000e4800000|  0%| F|  |TAMS 0x00000000e4700000| PB 0x00000000e4700000| Untracked 
|  72|0x00000000e4800000, 0x00000000e4800000, 0x00000000e4900000|  0%| F|  |TAMS 0x00000000e4800000| PB 0x00000000e4800000| Untracked 
|  73|0x00000000e4900000, 0x00000000e4900000, 0x00000000e4a00000|  0%| F|  |TAMS 0x00000000e4900000| PB 0x00000000e4900000| Untracked 
|  74|0x00000000e4a00000, 0x00000000e4a00000, 0x00000000e4b00000|  0%| F|  |TAMS 0x00000000e4a00000| PB 0x00000000e4a00000| Untracked 
|  75|0x00000000e4b00000, 0x00000000e4b00000, 0x00000000e4c00000|  0%| F|  |TAMS 0x00000000e4b00000| PB 0x00000000e4b00000| Untracked 
|  76|0x00000000e4c00000, 0x00000000e4c00000, 0x00000000e4d00000|  0%| F|  |TAMS 0x00000000e4c00000| PB 0x00000000e4c00000| Untracked 
|  77|0x00000000e4d00000, 0x00000000e4d00000, 0x00000000e4e00000|  0%| F|  |TAMS 0x00000000e4d00000| PB 0x00000000e4d00000| Untracked 
|  78|0x00000000e4e00000, 0x00000000e4e00000, 0x00000000e4f00000|  0%| F|  |TAMS 0x00000000e4e00000| PB 0x00000000e4e00000| Untracked 
|  79|0x00000000e4f00000, 0x00000000e4f00000, 0x00000000e5000000|  0%| F|  |TAMS 0x00000000e4f00000| PB 0x00000000e4f00000| Untracked 
|  80|0x00000000e5000000, 0x00000000e5000000, 0x00000000e5100000|  0%| F|  |TAMS 0x00000000e5000000| PB 0x00000000e5000000| Untracked 
|  81|0x00000000e5100000, 0x00000000e5100000, 0x00000000e5200000|  0%| F|  |TAMS 0x00000000e5100000| PB 0x00000000e5100000| Untracked 
|  82|0x00000000e5200000, 0x00000000e5200000, 0x00000000e5300000|  0%| F|  |TAMS 0x00000000e5200000| PB 0x00000000e5200000| Untracked 
|  83|0x00000000e5300000, 0x00000000e5300000, 0x00000000e5400000|  0%| F|  |TAMS 0x00000000e5300000| PB 0x00000000e5300000| Untracked 
|  84|0x00000000e5400000, 0x00000000e5400000, 0x00000000e5500000|  0%| F|  |TAMS 0x00000000e5400000| PB 0x00000000e5400000| Untracked 
|  85|0x00000000e5500000, 0x00000000e5500000, 0x00000000e5600000|  0%| F|  |TAMS 0x00000000e5500000| PB 0x00000000e5500000| Untracked 
|  86|0x00000000e5600000, 0x00000000e5600000, 0x00000000e5700000|  0%| F|  |TAMS 0x00000000e5600000| PB 0x00000000e5600000| Untracked 
|  87|0x00000000e5700000, 0x00000000e5700000, 0x00000000e5800000|  0%| F|  |TAMS 0x00000000e5700000| PB 0x00000000e5700000| Untracked 
|  88|0x00000000e5800000, 0x00000000e5800000, 0x00000000e5900000|  0%| F|  |TAMS 0x00000000e5800000| PB 0x00000000e5800000| Untracked 
|  89|0x00000000e5900000, 0x00000000e5900000, 0x00000000e5a00000|  0%| F|  |TAMS 0x00000000e5900000| PB 0x00000000e5900000| Untracked 
|  90|0x00000000e5a00000, 0x00000000e5a00000, 0x00000000e5b00000|  0%| F|  |TAMS 0x00000000e5a00000| PB 0x00000000e5a00000| Untracked 
|  91|0x00000000e5b00000, 0x00000000e5b00000, 0x00000000e5c00000|  0%| F|  |TAMS 0x00000000e5b00000| PB 0x00000000e5b00000| Untracked 
|  92|0x00000000e5c00000, 0x00000000e5c00000, 0x00000000e5d00000|  0%| F|  |TAMS 0x00000000e5c00000| PB 0x00000000e5c00000| Untracked 
|  93|0x00000000e5d00000, 0x00000000e5d00000, 0x00000000e5e00000|  0%| F|  |TAMS 0x00000000e5d00000| PB 0x00000000e5d00000| Untracked 
|  94|0x00000000e5e00000, 0x00000000e5e00000, 0x00000000e5f00000|  0%| F|  |TAMS 0x00000000e5e00000| PB 0x00000000e5e00000| Untracked 
|  95|0x00000000e5f00000, 0x00000000e5f00000, 0x00000000e6000000|  0%| F|  |TAMS 0x00000000e5f00000| PB 0x00000000e5f00000| Untracked 
|  96|0x00000000e6000000, 0x00000000e6000000, 0x00000000e6100000|  0%| F|  |TAMS 0x00000000e6000000| PB 0x00000000e6000000| Untracked 
|  97|0x00000000e6100000, 0x00000000e6100000, 0x00000000e6200000|  0%| F|  |TAMS 0x00000000e6100000| PB 0x00000000e6100000| Untracked 
|  98|0x00000000e6200000, 0x00000000e6200000, 0x00000000e6300000|  0%| F|  |TAMS 0x00000000e6200000| PB 0x00000000e6200000| Untracked 
|  99|0x00000000e6300000, 0x00000000e6300000, 0x00000000e6400000|  0%| F|  |TAMS 0x00000000e6300000| PB 0x00000000e6300000| Untracked 
| 100|0x00000000e6400000, 0x00000000e6400000, 0x00000000e6500000|  0%| F|  |TAMS 0x00000000e6400000| PB 0x00000000e6400000| Untracked 
| 101|0x00000000e6500000, 0x00000000e6500000, 0x00000000e6600000|  0%| F|  |TAMS 0x00000000e6500000| PB 0x00000000e6500000| Untracked 
| 102|0x00000000e6600000, 0x00000000e6600000, 0x00000000e6700000|  0%| F|  |TAMS 0x00000000e6600000| PB 0x00000000e6600000| Untracked 
| 103|0x00000000e6700000, 0x00000000e6700000, 0x00000000e6800000|  0%| F|  |TAMS 0x00000000e6700000| PB 0x00000000e6700000| Untracked 
| 104|0x00000000e6800000, 0x00000000e6800000, 0x00000000e6900000|  0%| F|  |TAMS 0x00000000e6800000| PB 0x00000000e6800000| Untracked 
| 105|0x00000000e6900000, 0x00000000e6900000, 0x00000000e6a00000|  0%| F|  |TAMS 0x00000000e6900000| PB 0x00000000e6900000| Untracked 
| 106|0x00000000e6a00000, 0x00000000e6a00000, 0x00000000e6b00000|  0%| F|  |TAMS 0x00000000e6a00000| PB 0x00000000e6a00000| Untracked 
| 107|0x00000000e6b00000, 0x00000000e6b00000, 0x00000000e6c00000|  0%| F|  |TAMS 0x00000000e6b00000| PB 0x00000000e6b00000| Untracked 
| 108|0x00000000e6c00000, 0x00000000e6c00000, 0x00000000e6d00000|  0%| F|  |TAMS 0x00000000e6c00000| PB 0x00000000e6c00000| Untracked 
| 109|0x00000000e6d00000, 0x00000000e6d00000, 0x00000000e6e00000|  0%| F|  |TAMS 0x00000000e6d00000| PB 0x00000000e6d00000| Untracked 
| 110|0x00000000e6e00000, 0x00000000e6e00000, 0x00000000e6f00000|  0%| F|  |TAMS 0x00000000e6e00000| PB 0x00000000e6e00000| Untracked 
| 111|0x00000000e6f00000, 0x00000000e6f00000, 0x00000000e7000000|  0%| F|  |TAMS 0x00000000e6f00000| PB 0x00000000e6f00000| Untracked 
| 112|0x00000000e7000000, 0x00000000e7000000, 0x00000000e7100000|  0%| F|  |TAMS 0x00000000e7000000| PB 0x00000000e7000000| Untracked 
| 113|0x00000000e7100000, 0x00000000e7100000, 0x00000000e7200000|  0%| F|  |TAMS 0x00000000e7100000| PB 0x00000000e7100000| Untracked 
| 114|0x00000000e7200000, 0x00000000e7200000, 0x00000000e7300000|  0%| F|  |TAMS 0x00000000e7200000| PB 0x00000000e7200000| Untracked 
| 115|0x00000000e7300000, 0x00000000e7300000, 0x00000000e7400000|  0%| F|  |TAMS 0x00000000e7300000| PB 0x00000000e7300000| Untracked 
| 116|0x00000000e7400000, 0x00000000e7400000, 0x00000000e7500000|  0%| F|  |TAMS 0x00000000e7400000| PB 0x00000000e7400000| Untracked 
| 117|0x00000000e7500000, 0x00000000e7500000, 0x00000000e7600000|  0%| F|  |TAMS 0x00000000e7500000| PB 0x00000000e7500000| Untracked 
| 118|0x00000000e7600000, 0x00000000e7600000, 0x00000000e7700000|  0%| F|  |TAMS 0x00000000e7600000| PB 0x00000000e7600000| Untracked 
| 119|0x00000000e7700000, 0x00000000e7700000, 0x00000000e7800000|  0%| F|  |TAMS 0x00000000e7700000| PB 0x00000000e7700000| Untracked 
| 120|0x00000000e7800000, 0x00000000e7800000, 0x00000000e7900000|  0%| F|  |TAMS 0x00000000e7800000| PB 0x00000000e7800000| Untracked 
| 121|0x00000000e7900000, 0x00000000e7900000, 0x00000000e7a00000|  0%| F|  |TAMS 0x00000000e7900000| PB 0x00000000e7900000| Untracked 
| 122|0x00000000e7a00000, 0x00000000e7a00000, 0x00000000e7b00000|  0%| F|  |TAMS 0x00000000e7a00000| PB 0x00000000e7a00000| Untracked 
| 123|0x00000000e7b00000, 0x00000000e7b00000, 0x00000000e7c00000|  0%| F|  |TAMS 0x00000000e7b00000| PB 0x00000000e7b00000| Untracked 
| 124|0x00000000e7c00000, 0x00000000e7c00000, 0x00000000e7d00000|  0%| F|  |TAMS 0x00000000e7c00000| PB 0x00000000e7c00000| Untracked 
| 125|0x00000000e7d00000, 0x00000000e7d00000, 0x00000000e7e00000|  0%| F|  |TAMS 0x00000000e7d00000| PB 0x00000000e7d00000| Untracked 
| 126|0x00000000e7e00000, 0x00000000e7e00000, 0x00000000e7f00000|  0%| F|  |TAMS 0x00000000e7e00000| PB 0x00000000e7e00000| Untracked 
| 127|0x00000000e7f00000, 0x00000000e7f00000, 0x00000000e8000000|  0%| F|  |TAMS 0x00000000e7f00000| PB 0x00000000e7f00000| Untracked 
| 128|0x00000000e8000000, 0x00000000e8000000, 0x00000000e8100000|  0%| F|  |TAMS 0x00000000e8000000| PB 0x00000000e8000000| Untracked 
| 129|0x00000000e8100000, 0x00000000e8100000, 0x00000000e8200000|  0%| F|  |TAMS 0x00000000e8100000| PB 0x00000000e8100000| Untracked 
| 130|0x00000000e8200000, 0x00000000e8200000, 0x00000000e8300000|  0%| F|  |TAMS 0x00000000e8200000| PB 0x00000000e8200000| Untracked 
| 131|0x00000000e8300000, 0x00000000e8300000, 0x00000000e8400000|  0%| F|  |TAMS 0x00000000e8300000| PB 0x00000000e8300000| Untracked 
| 132|0x00000000e8400000, 0x00000000e8400000, 0x00000000e8500000|  0%| F|  |TAMS 0x00000000e8400000| PB 0x00000000e8400000| Untracked 
| 133|0x00000000e8500000, 0x00000000e8500000, 0x00000000e8600000|  0%| F|  |TAMS 0x00000000e8500000| PB 0x00000000e8500000| Untracked 
| 134|0x00000000e8600000, 0x00000000e8600000, 0x00000000e8700000|  0%| F|  |TAMS 0x00000000e8600000| PB 0x00000000e8600000| Untracked 
| 135|0x00000000e8700000, 0x00000000e8700000, 0x00000000e8800000|  0%| F|  |TAMS 0x00000000e8700000| PB 0x00000000e8700000| Untracked 
| 136|0x00000000e8800000, 0x00000000e8800000, 0x00000000e8900000|  0%| F|  |TAMS 0x00000000e8800000| PB 0x00000000e8800000| Untracked 
| 137|0x00000000e8900000, 0x00000000e8900000, 0x00000000e8a00000|  0%| F|  |TAMS 0x00000000e8900000| PB 0x00000000e8900000| Untracked 
| 138|0x00000000e8a00000, 0x00000000e8a00000, 0x00000000e8b00000|  0%| F|  |TAMS 0x00000000e8a00000| PB 0x00000000e8a00000| Untracked 
| 139|0x00000000e8b00000, 0x00000000e8b00000, 0x00000000e8c00000|  0%| F|  |TAMS 0x00000000e8b00000| PB 0x00000000e8b00000| Untracked 
| 140|0x00000000e8c00000, 0x00000000e8c00000, 0x00000000e8d00000|  0%| F|  |TAMS 0x00000000e8c00000| PB 0x00000000e8c00000| Untracked 
| 141|0x00000000e8d00000, 0x00000000e8d00000, 0x00000000e8e00000|  0%| F|  |TAMS 0x00000000e8d00000| PB 0x00000000e8d00000| Untracked 
| 142|0x00000000e8e00000, 0x00000000e8e00000, 0x00000000e8f00000|  0%| F|  |TAMS 0x00000000e8e00000| PB 0x00000000e8e00000| Untracked 
| 143|0x00000000e8f00000, 0x00000000e8f00000, 0x00000000e9000000|  0%| F|  |TAMS 0x00000000e8f00000| PB 0x00000000e8f00000| Untracked 
| 144|0x00000000e9000000, 0x00000000e9000000, 0x00000000e9100000|  0%| F|  |TAMS 0x00000000e9000000| PB 0x00000000e9000000| Untracked 
| 145|0x00000000e9100000, 0x00000000e9100000, 0x00000000e9200000|  0%| F|  |TAMS 0x00000000e9100000| PB 0x00000000e9100000| Untracked 
| 146|0x00000000e9200000, 0x00000000e9200000, 0x00000000e9300000|  0%| F|  |TAMS 0x00000000e9200000| PB 0x00000000e9200000| Untracked 
| 147|0x00000000e9300000, 0x00000000e9300000, 0x00000000e9400000|  0%| F|  |TAMS 0x00000000e9300000| PB 0x00000000e9300000| Untracked 
| 148|0x00000000e9400000, 0x00000000e9400000, 0x00000000e9500000|  0%| F|  |TAMS 0x00000000e9400000| PB 0x00000000e9400000| Untracked 
| 149|0x00000000e9500000, 0x00000000e9500000, 0x00000000e9600000|  0%| F|  |TAMS 0x00000000e9500000| PB 0x00000000e9500000| Untracked 
| 150|0x00000000e9600000, 0x00000000e9600000, 0x00000000e9700000|  0%| F|  |TAMS 0x00000000e9600000| PB 0x00000000e9600000| Untracked 
| 151|0x00000000e9700000, 0x00000000e9700000, 0x00000000e9800000|  0%| F|  |TAMS 0x00000000e9700000| PB 0x00000000e9700000| Untracked 
| 152|0x00000000e9800000, 0x00000000e9800000, 0x00000000e9900000|  0%| F|  |TAMS 0x00000000e9800000| PB 0x00000000e9800000| Untracked 
| 153|0x00000000e9900000, 0x00000000e9900000, 0x00000000e9a00000|  0%| F|  |TAMS 0x00000000e9900000| PB 0x00000000e9900000| Untracked 
| 154|0x00000000e9a00000, 0x00000000e9a00000, 0x00000000e9b00000|  0%| F|  |TAMS 0x00000000e9a00000| PB 0x00000000e9a00000| Untracked 
| 155|0x00000000e9b00000, 0x00000000e9b00000, 0x00000000e9c00000|  0%| F|  |TAMS 0x00000000e9b00000| PB 0x00000000e9b00000| Untracked 
| 156|0x00000000e9c00000, 0x00000000e9c00000, 0x00000000e9d00000|  0%| F|  |TAMS 0x00000000e9c00000| PB 0x00000000e9c00000| Untracked 
| 157|0x00000000e9d00000, 0x00000000e9d00000, 0x00000000e9e00000|  0%| F|  |TAMS 0x00000000e9d00000| PB 0x00000000e9d00000| Untracked 
| 158|0x00000000e9e00000, 0x00000000e9e00000, 0x00000000e9f00000|  0%| F|  |TAMS 0x00000000e9e00000| PB 0x00000000e9e00000| Untracked 
| 159|0x00000000e9f00000, 0x00000000e9f00000, 0x00000000ea000000|  0%| F|  |TAMS 0x00000000e9f00000| PB 0x00000000e9f00000| Untracked 
| 160|0x00000000ea000000, 0x00000000ea000000, 0x00000000ea100000|  0%| F|  |TAMS 0x00000000ea000000| PB 0x00000000ea000000| Untracked 
| 161|0x00000000ea100000, 0x00000000ea100000, 0x00000000ea200000|  0%| F|  |TAMS 0x00000000ea100000| PB 0x00000000ea100000| Untracked 
| 162|0x00000000ea200000, 0x00000000ea200000, 0x00000000ea300000|  0%| F|  |TAMS 0x00000000ea200000| PB 0x00000000ea200000| Untracked 
| 163|0x00000000ea300000, 0x00000000ea300000, 0x00000000ea400000|  0%| F|  |TAMS 0x00000000ea300000| PB 0x00000000ea300000| Untracked 
| 164|0x00000000ea400000, 0x00000000ea400000, 0x00000000ea500000|  0%| F|  |TAMS 0x00000000ea400000| PB 0x00000000ea400000| Untracked 
| 165|0x00000000ea500000, 0x00000000ea500000, 0x00000000ea600000|  0%| F|  |TAMS 0x00000000ea500000| PB 0x00000000ea500000| Untracked 
| 166|0x00000000ea600000, 0x00000000ea600000, 0x00000000ea700000|  0%| F|  |TAMS 0x00000000ea600000| PB 0x00000000ea600000| Untracked 
| 167|0x00000000ea700000, 0x00000000ea700000, 0x00000000ea800000|  0%| F|  |TAMS 0x00000000ea700000| PB 0x00000000ea700000| Untracked 
| 168|0x00000000ea800000, 0x00000000ea800000, 0x00000000ea900000|  0%| F|  |TAMS 0x00000000ea800000| PB 0x00000000ea800000| Untracked 
| 169|0x00000000ea900000, 0x00000000ea900000, 0x00000000eaa00000|  0%| F|  |TAMS 0x00000000ea900000| PB 0x00000000ea900000| Untracked 
| 170|0x00000000eaa00000, 0x00000000eab00000, 0x00000000eab00000|100%| E|  |TAMS 0x00000000eaa00000| PB 0x00000000eaa00000| Complete 
| 171|0x00000000eab00000, 0x00000000eac00000, 0x00000000eac00000|100%| E|CS|TAMS 0x00000000eab00000| PB 0x00000000eab00000| Complete 
| 172|0x00000000eac00000, 0x00000000ead00000, 0x00000000ead00000|100%| E|CS|TAMS 0x00000000eac00000| PB 0x00000000eac00000| Complete 
| 173|0x00000000ead00000, 0x00000000eae00000, 0x00000000eae00000|100%| E|CS|TAMS 0x00000000ead00000| PB 0x00000000ead00000| Complete 
| 174|0x00000000eae00000, 0x00000000eaf00000, 0x00000000eaf00000|100%| E|CS|TAMS 0x00000000eae00000| PB 0x00000000eae00000| Complete 
| 175|0x00000000eaf00000, 0x00000000eb000000, 0x00000000eb000000|100%| E|CS|TAMS 0x00000000eaf00000| PB 0x00000000eaf00000| Complete 
| 176|0x00000000eb000000, 0x00000000eb100000, 0x00000000eb100000|100%| E|CS|TAMS 0x00000000eb000000| PB 0x00000000eb000000| Complete 
| 177|0x00000000eb100000, 0x00000000eb200000, 0x00000000eb200000|100%| E|CS|TAMS 0x00000000eb100000| PB 0x00000000eb100000| Complete 
| 178|0x00000000eb200000, 0x00000000eb300000, 0x00000000eb300000|100%| E|CS|TAMS 0x00000000eb200000| PB 0x00000000eb200000| Complete 
| 179|0x00000000eb300000, 0x00000000eb400000, 0x00000000eb400000|100%| E|CS|TAMS 0x00000000eb300000| PB 0x00000000eb300000| Complete 
| 180|0x00000000eb400000, 0x00000000eb500000, 0x00000000eb500000|100%| E|CS|TAMS 0x00000000eb400000| PB 0x00000000eb400000| Complete 
| 181|0x00000000eb500000, 0x00000000eb600000, 0x00000000eb600000|100%| E|CS|TAMS 0x00000000eb500000| PB 0x00000000eb500000| Complete 
| 182|0x00000000eb600000, 0x00000000eb700000, 0x00000000eb700000|100%| E|CS|TAMS 0x00000000eb600000| PB 0x00000000eb600000| Complete 
| 183|0x00000000eb700000, 0x00000000eb800000, 0x00000000eb800000|100%| E|CS|TAMS 0x00000000eb700000| PB 0x00000000eb700000| Complete 
| 184|0x00000000eb800000, 0x00000000eb900000, 0x00000000eb900000|100%| E|CS|TAMS 0x00000000eb800000| PB 0x00000000eb800000| Complete 
| 185|0x00000000eb900000, 0x00000000eba00000, 0x00000000eba00000|100%| E|CS|TAMS 0x00000000eb900000| PB 0x00000000eb900000| Complete 
| 186|0x00000000eba00000, 0x00000000ebb00000, 0x00000000ebb00000|100%| E|CS|TAMS 0x00000000eba00000| PB 0x00000000eba00000| Complete 
| 187|0x00000000ebb00000, 0x00000000ebc00000, 0x00000000ebc00000|100%| E|CS|TAMS 0x00000000ebb00000| PB 0x00000000ebb00000| Complete 
| 188|0x00000000ebc00000, 0x00000000ebd00000, 0x00000000ebd00000|100%| E|CS|TAMS 0x00000000ebc00000| PB 0x00000000ebc00000| Complete 
| 189|0x00000000ebd00000, 0x00000000ebe00000, 0x00000000ebe00000|100%| E|CS|TAMS 0x00000000ebd00000| PB 0x00000000ebd00000| Complete 
| 190|0x00000000ebe00000, 0x00000000ebf00000, 0x00000000ebf00000|100%| E|CS|TAMS 0x00000000ebe00000| PB 0x00000000ebe00000| Complete 
| 191|0x00000000ebf00000, 0x00000000ec000000, 0x00000000ec000000|100%| E|CS|TAMS 0x00000000ebf00000| PB 0x00000000ebf00000| Complete 
| 192|0x00000000ec000000, 0x00000000ec100000, 0x00000000ec100000|100%| E|CS|TAMS 0x00000000ec000000| PB 0x00000000ec000000| Complete 
| 193|0x00000000ec100000, 0x00000000ec200000, 0x00000000ec200000|100%| E|CS|TAMS 0x00000000ec100000| PB 0x00000000ec100000| Complete 
| 194|0x00000000ec200000, 0x00000000ec300000, 0x00000000ec300000|100%| E|CS|TAMS 0x00000000ec200000| PB 0x00000000ec200000| Complete 
| 195|0x00000000ec300000, 0x00000000ec400000, 0x00000000ec400000|100%| E|CS|TAMS 0x00000000ec300000| PB 0x00000000ec300000| Complete 
| 196|0x00000000ec400000, 0x00000000ec500000, 0x00000000ec500000|100%| E|CS|TAMS 0x00000000ec400000| PB 0x00000000ec400000| Complete 
| 197|0x00000000ec500000, 0x00000000ec600000, 0x00000000ec600000|100%| E|CS|TAMS 0x00000000ec500000| PB 0x00000000ec500000| Complete 
| 198|0x00000000ec600000, 0x00000000ec700000, 0x00000000ec700000|100%| E|CS|TAMS 0x00000000ec600000| PB 0x00000000ec600000| Complete 
| 199|0x00000000ec700000, 0x00000000ec800000, 0x00000000ec800000|100%| E|CS|TAMS 0x00000000ec700000| PB 0x00000000ec700000| Complete 
| 200|0x00000000ec800000, 0x00000000ec900000, 0x00000000ec900000|100%| E|CS|TAMS 0x00000000ec800000| PB 0x00000000ec800000| Complete 
| 201|0x00000000ec900000, 0x00000000eca00000, 0x00000000eca00000|100%| E|CS|TAMS 0x00000000ec900000| PB 0x00000000ec900000| Complete 
| 202|0x00000000eca00000, 0x00000000ecb00000, 0x00000000ecb00000|100%| E|CS|TAMS 0x00000000eca00000| PB 0x00000000eca00000| Complete 
| 203|0x00000000ecb00000, 0x00000000ecc00000, 0x00000000ecc00000|100%| E|CS|TAMS 0x00000000ecb00000| PB 0x00000000ecb00000| Complete 
| 204|0x00000000ecc00000, 0x00000000ecd00000, 0x00000000ecd00000|100%| E|CS|TAMS 0x00000000ecc00000| PB 0x00000000ecc00000| Complete 
| 205|0x00000000ecd00000, 0x00000000ece00000, 0x00000000ece00000|100%| E|CS|TAMS 0x00000000ecd00000| PB 0x00000000ecd00000| Complete 
| 206|0x00000000ece00000, 0x00000000ecf00000, 0x00000000ecf00000|100%| E|CS|TAMS 0x00000000ece00000| PB 0x00000000ece00000| Complete 
| 207|0x00000000ecf00000, 0x00000000ed000000, 0x00000000ed000000|100%| E|CS|TAMS 0x00000000ecf00000| PB 0x00000000ecf00000| Complete 
| 208|0x00000000ed000000, 0x00000000ed100000, 0x00000000ed100000|100%| E|CS|TAMS 0x00000000ed000000| PB 0x00000000ed000000| Complete 
| 209|0x00000000ed100000, 0x00000000ed200000, 0x00000000ed200000|100%| E|CS|TAMS 0x00000000ed100000| PB 0x00000000ed100000| Complete 
| 210|0x00000000ed200000, 0x00000000ed300000, 0x00000000ed300000|100%| E|CS|TAMS 0x00000000ed200000| PB 0x00000000ed200000| Complete 
| 211|0x00000000ed300000, 0x00000000ed400000, 0x00000000ed400000|100%| E|CS|TAMS 0x00000000ed300000| PB 0x00000000ed300000| Complete 
| 212|0x00000000ed400000, 0x00000000ed500000, 0x00000000ed500000|100%| E|CS|TAMS 0x00000000ed400000| PB 0x00000000ed400000| Complete 
| 213|0x00000000ed500000, 0x00000000ed600000, 0x00000000ed600000|100%| E|CS|TAMS 0x00000000ed500000| PB 0x00000000ed500000| Complete 
| 214|0x00000000ed600000, 0x00000000ed700000, 0x00000000ed700000|100%| E|CS|TAMS 0x00000000ed600000| PB 0x00000000ed600000| Complete 
| 215|0x00000000ed700000, 0x00000000ed800000, 0x00000000ed800000|100%| E|CS|TAMS 0x00000000ed700000| PB 0x00000000ed700000| Complete 
| 216|0x00000000ed800000, 0x00000000ed900000, 0x00000000ed900000|100%| E|CS|TAMS 0x00000000ed800000| PB 0x00000000ed800000| Complete 
| 217|0x00000000ed900000, 0x00000000eda00000, 0x00000000eda00000|100%| E|CS|TAMS 0x00000000ed900000| PB 0x00000000ed900000| Complete 
| 218|0x00000000eda00000, 0x00000000edb00000, 0x00000000edb00000|100%| E|CS|TAMS 0x00000000eda00000| PB 0x00000000eda00000| Complete 
| 219|0x00000000edb00000, 0x00000000edc00000, 0x00000000edc00000|100%| E|CS|TAMS 0x00000000edb00000| PB 0x00000000edb00000| Complete 
| 220|0x00000000edc00000, 0x00000000edd00000, 0x00000000edd00000|100%| E|CS|TAMS 0x00000000edc00000| PB 0x00000000edc00000| Complete 
| 221|0x00000000edd00000, 0x00000000ede00000, 0x00000000ede00000|100%| E|CS|TAMS 0x00000000edd00000| PB 0x00000000edd00000| Complete 
| 222|0x00000000ede00000, 0x00000000edf00000, 0x00000000edf00000|100%| E|CS|TAMS 0x00000000ede00000| PB 0x00000000ede00000| Complete 
| 223|0x00000000edf00000, 0x00000000edfd6980, 0x00000000ee000000| 83%| S|CS|TAMS 0x00000000edf00000| PB 0x00000000edf00000| Complete 
| 224|0x00000000ee000000, 0x00000000ee100000, 0x00000000ee100000|100%| E|CS|TAMS 0x00000000ee000000| PB 0x00000000ee000000| Complete 
| 225|0x00000000ee100000, 0x00000000ee200000, 0x00000000ee200000|100%| E|CS|TAMS 0x00000000ee100000| PB 0x00000000ee100000| Complete 
| 226|0x00000000ee200000, 0x00000000ee300000, 0x00000000ee300000|100%| E|CS|TAMS 0x00000000ee200000| PB 0x00000000ee200000| Complete 
| 227|0x00000000ee300000, 0x00000000ee400000, 0x00000000ee400000|100%| E|CS|TAMS 0x00000000ee300000| PB 0x00000000ee300000| Complete 
| 228|0x00000000ee400000, 0x00000000ee500000, 0x00000000ee500000|100%| E|CS|TAMS 0x00000000ee400000| PB 0x00000000ee400000| Complete 
| 229|0x00000000ee500000, 0x00000000ee600000, 0x00000000ee600000|100%| E|CS|TAMS 0x00000000ee500000| PB 0x00000000ee500000| Complete 
| 230|0x00000000ee600000, 0x00000000ee700000, 0x00000000ee700000|100%| E|CS|TAMS 0x00000000ee600000| PB 0x00000000ee600000| Complete 
| 231|0x00000000ee700000, 0x00000000ee800000, 0x00000000ee800000|100%| E|CS|TAMS 0x00000000ee700000| PB 0x00000000ee700000| Complete 
| 232|0x00000000ee800000, 0x00000000ee900000, 0x00000000ee900000|100%| E|CS|TAMS 0x00000000ee800000| PB 0x00000000ee800000| Complete 
| 233|0x00000000ee900000, 0x00000000eea00000, 0x00000000eea00000|100%| E|CS|TAMS 0x00000000ee900000| PB 0x00000000ee900000| Complete 
| 234|0x00000000eea00000, 0x00000000eeb00000, 0x00000000eeb00000|100%| E|CS|TAMS 0x00000000eea00000| PB 0x00000000eea00000| Complete 
| 235|0x00000000eeb00000, 0x00000000eec00000, 0x00000000eec00000|100%| E|CS|TAMS 0x00000000eeb00000| PB 0x00000000eeb00000| Complete 
| 236|0x00000000eec00000, 0x00000000eed00000, 0x00000000eed00000|100%| E|CS|TAMS 0x00000000eec00000| PB 0x00000000eec00000| Complete 
| 237|0x00000000eed00000, 0x00000000eee00000, 0x00000000eee00000|100%| E|CS|TAMS 0x00000000eed00000| PB 0x00000000eed00000| Complete 
| 238|0x00000000eee00000, 0x00000000eef00000, 0x00000000eef00000|100%| E|CS|TAMS 0x00000000eee00000| PB 0x00000000eee00000| Complete 
| 239|0x00000000eef00000, 0x00000000ef000000, 0x00000000ef000000|100%| E|CS|TAMS 0x00000000eef00000| PB 0x00000000eef00000| Complete 
| 240|0x00000000ef000000, 0x00000000ef100000, 0x00000000ef100000|100%| E|CS|TAMS 0x00000000ef000000| PB 0x00000000ef000000| Complete 
| 241|0x00000000ef100000, 0x00000000ef200000, 0x00000000ef200000|100%| E|CS|TAMS 0x00000000ef100000| PB 0x00000000ef100000| Complete 
| 242|0x00000000ef200000, 0x00000000ef300000, 0x00000000ef300000|100%| E|CS|TAMS 0x00000000ef200000| PB 0x00000000ef200000| Complete 
| 243|0x00000000ef300000, 0x00000000ef400000, 0x00000000ef400000|100%| E|CS|TAMS 0x00000000ef300000| PB 0x00000000ef300000| Complete 
| 244|0x00000000ef400000, 0x00000000ef500000, 0x00000000ef500000|100%| E|CS|TAMS 0x00000000ef400000| PB 0x00000000ef400000| Complete 
| 245|0x00000000ef500000, 0x00000000ef600000, 0x00000000ef600000|100%| E|CS|TAMS 0x00000000ef500000| PB 0x00000000ef500000| Complete 
| 246|0x00000000ef600000, 0x00000000ef700000, 0x00000000ef700000|100%| E|CS|TAMS 0x00000000ef600000| PB 0x00000000ef600000| Complete 
| 247|0x00000000ef700000, 0x00000000ef800000, 0x00000000ef800000|100%| E|CS|TAMS 0x00000000ef700000| PB 0x00000000ef700000| Complete 
| 248|0x00000000ef800000, 0x00000000ef900000, 0x00000000ef900000|100%| E|CS|TAMS 0x00000000ef800000| PB 0x00000000ef800000| Complete 
| 249|0x00000000ef900000, 0x00000000efa00000, 0x00000000efa00000|100%| E|CS|TAMS 0x00000000ef900000| PB 0x00000000ef900000| Complete 
| 250|0x00000000efa00000, 0x00000000efb00000, 0x00000000efb00000|100%| E|CS|TAMS 0x00000000efa00000| PB 0x00000000efa00000| Complete 
| 251|0x00000000efb00000, 0x00000000efc00000, 0x00000000efc00000|100%| E|CS|TAMS 0x00000000efb00000| PB 0x00000000efb00000| Complete 
| 252|0x00000000efc00000, 0x00000000efd00000, 0x00000000efd00000|100%| E|CS|TAMS 0x00000000efc00000| PB 0x00000000efc00000| Complete 
| 253|0x00000000efd00000, 0x00000000efe00000, 0x00000000efe00000|100%| E|CS|TAMS 0x00000000efd00000| PB 0x00000000efd00000| Complete 
| 254|0x00000000efe00000, 0x00000000eff00000, 0x00000000eff00000|100%| E|  |TAMS 0x00000000efe00000| PB 0x00000000efe00000| Complete 
| 255|0x00000000eff00000, 0x00000000f0000000, 0x00000000f0000000|100%| E|CS|TAMS 0x00000000eff00000| PB 0x00000000eff00000| Complete 

Card table byte_map: [0x0000021bc6640000,0x0000021bc6740000] _byte_map_base: 0x0000021bc5f40000

Marking Bits: (CMBitMap*) 0x0000021bae936d30
 Bits: [0x0000021bc6740000, 0x0000021bc6f40000)

Polling page: 0x0000021bac870000

Metaspace:

Usage:
  Non-class:     15.33 MB used.
      Class:      2.58 MB used.
       Both:     17.92 MB used.

Virtual space:
  Non-class space:       64.00 MB reserved,      15.62 MB ( 24%) committed,  1 nodes.
      Class space:      320.00 MB reserved,       2.81 MB ( <1%) committed,  1 nodes.
             Both:      384.00 MB reserved,      18.44 MB (  5%) committed. 

Chunk freelists:
   Non-Class:  144.00 KB
       Class:  13.19 MB
        Both:  13.33 MB

MaxMetaspaceSize: 384.00 MB
CompressedClassSpaceSize: 320.00 MB
Initial GC threshold: 21.00 MB
Current GC threshold: 21.00 MB
CDS: on
 - commit_granule_bytes: 65536.
 - commit_granule_words: 8192.
 - virtual_space_node_default_size: 8388608.
 - enlarge_chunks_in_place: 1.
 - use_allocation_guard: 0.


Internal statistics:

num_allocs_failed_limit: 0.
num_arena_births: 736.
num_arena_deaths: 0.
num_vsnodes_births: 2.
num_vsnodes_deaths: 0.
num_space_committed: 295.
num_space_uncommitted: 0.
num_chunks_returned_to_freelist: 0.
num_chunks_taken_from_freelist: 1423.
num_chunk_merges: 0.
num_chunk_splits: 928.
num_chunks_enlarged: 615.
num_inconsistent_stats: 0.

CodeHeap 'non-profiled nmethods': size=120000Kb used=1335Kb max_used=1335Kb free=118665Kb
 bounds [0x0000021bbeac0000, 0x0000021bbed30000, 0x0000021bc5ff0000]
CodeHeap 'profiled nmethods': size=120000Kb used=5426Kb max_used=5426Kb free=114573Kb
 bounds [0x0000021bb6ff0000, 0x0000021bb7540000, 0x0000021bbe520000]
CodeHeap 'non-nmethods': size=5760Kb used=1535Kb max_used=1537Kb free=4225Kb
 bounds [0x0000021bbe520000, 0x0000021bbe790000, 0x0000021bbeac0000]
 total_blobs=3252 nmethods=2682 adapters=472
 compilation: enabled
              stopped_count=0, restarted_count=0
 full_count=0

Compilation events (20 events):
Event: 4.272 Thread 0x0000021be301f8b0 2678       3       java.lang.reflect.Proxy::newProxyInstance (35 bytes)
Event: 4.273 Thread 0x0000021be301f8b0 nmethod 2678 0x0000021bb7531590 code [0x0000021bb7531780, 0x0000021bb7531b58]
Event: 4.273 Thread 0x0000021be301f8b0 2679       3       java.lang.reflect.Proxy::getProxyConstructor (92 bytes)
Event: 4.275 Thread 0x0000021be301f8b0 nmethod 2679 0x0000021bb7531d10 code [0x0000021bb7532020, 0x0000021bb75336a0]
Event: 4.330 Thread 0x0000021be301f8b0 2680       3       org.gradle.internal.service.RelevantMethodsBuilder::add (104 bytes)
Event: 4.332 Thread 0x0000021be301f8b0 nmethod 2680 0x0000021bb7533c10 code [0x0000021bb7533ec0, 0x0000021bb7534b28]
Event: 4.332 Thread 0x0000021be301f8b0 2681       3       java.util.LinkedList$ListItr::remove (84 bytes)
Event: 4.333 Thread 0x0000021be301f8b0 nmethod 2681 0x0000021bb7535090 code [0x0000021bb7535280, 0x0000021bb7535778]
Event: 4.333 Thread 0x0000021be301f8b0 2682       3       java.util.LinkedList::unlink (91 bytes)
Event: 4.333 Thread 0x0000021be301f8b0 nmethod 2682 0x0000021bb7535990 code [0x0000021bb7535b40, 0x0000021bb7535f18]
Event: 4.333 Thread 0x0000021be301f8b0 2683       3       org.gradle.internal.service.DefaultServiceMethodFactory::toServiceMethod (11 bytes)
Event: 4.333 Thread 0x0000021be301f8b0 nmethod 2683 0x0000021bb7536090 code [0x0000021bb7536240, 0x0000021bb7536418]
Event: 4.333 Thread 0x0000021be301f8b0 2684   !   3       org.gradle.internal.service.MethodHandleBasedServiceMethodFactory::toServiceMethod (51 bytes)
Event: 4.334 Thread 0x0000021be301f8b0 nmethod 2684 0x0000021bb7536510 code [0x0000021bb7536860, 0x0000021bb7537ce8]
Event: 4.335 Thread 0x0000021be301f8b0 2685       3       java.lang.reflect.Method::getGenericParameterTypes (5 bytes)
Event: 4.337 Thread 0x0000021be301f8b0 nmethod 2685 0x0000021bb7538390 code [0x0000021bb75385c0, 0x0000021bb7538e70]
Event: 4.360 Thread 0x0000021be301f8b0 2686       3       java.util.LinkedList$ListItr::<init> (47 bytes)
Event: 4.361 Thread 0x0000021be301f8b0 nmethod 2686 0x0000021bb7539090 code [0x0000021bb7539240, 0x0000021bb7539528]
Event: 4.364 Thread 0x0000021be301f8b0 2688       3       org.gradle.internal.service.AbstractServiceMethod::<init> (42 bytes)
Event: 4.366 Thread 0x0000021be301f8b0 nmethod 2688 0x0000021bb7539610 code [0x0000021bb7539980, 0x0000021bb753b4d0]

GC Heap History (4 events):
Event: 1.538 GC heap before
{Heap before GC invocations=0 (full 0):
 garbage-first heap   total 262144K, used 26624K [0x00000000e0000000, 0x0000000100000000)
  region size 1024K, 23 young (23552K), 0 survivors (0K)
 Metaspace       used 3204K, committed 3328K, reserved 393216K
  class space    used 407K, committed 448K, reserved 327680K
}
Event: 1.551 GC heap after
{Heap after GC invocations=1 (full 0):
 garbage-first heap   total 262144K, used 10479K [0x00000000e0000000, 0x0000000100000000)
  region size 1024K, 3 young (3072K), 3 survivors (3072K)
 Metaspace       used 3204K, committed 3328K, reserved 393216K
  class space    used 407K, committed 448K, reserved 327680K
}
Event: 1.889 GC heap before
{Heap before GC invocations=1 (full 0):
 garbage-first heap   total 262144K, used 40175K [0x00000000e0000000, 0x0000000100000000)
  region size 1024K, 32 young (32768K), 3 survivors (3072K)
 Metaspace       used 4137K, committed 4352K, reserved 393216K
  class space    used 506K, committed 640K, reserved 327680K
}
Event: 1.893 GC heap after
{Heap after GC invocations=2 (full 0):
 garbage-first heap   total 262144K, used 11281K [0x00000000e0000000, 0x0000000100000000)
  region size 1024K, 1 young (1024K), 1 survivors (1024K)
 Metaspace       used 4137K, committed 4352K, reserved 393216K
  class space    used 506K, committed 640K, reserved 327680K
}

Dll operation events (15 events):
Event: 0.471 Loaded shared library C:\Users\jagan\.jdks\corretto-21.0.4\bin\java.dll
Event: 0.605 Loaded shared library C:\Users\jagan\.jdks\corretto-21.0.4\bin\jsvml.dll
Event: 0.709 Loaded shared library C:\Users\jagan\.jdks\corretto-21.0.4\bin\zip.dll
Event: 0.719 Loaded shared library C:\Users\jagan\.jdks\corretto-21.0.4\bin\instrument.dll
Event: 0.819 Loaded shared library C:\Users\jagan\.jdks\corretto-21.0.4\bin\net.dll
Event: 0.878 Loaded shared library C:\Users\jagan\.jdks\corretto-21.0.4\bin\nio.dll
Event: 0.881 Loaded shared library C:\Users\jagan\.jdks\corretto-21.0.4\bin\zip.dll
Event: 1.039 Loaded shared library C:\Users\jagan\.jdks\corretto-21.0.4\bin\jimage.dll
Event: 1.082 Loaded shared library C:\Users\jagan\.jdks\corretto-21.0.4\bin\verify.dll
Event: 1.313 Loaded shared library C:\Users\jagan\.gradle\native\c067742578af261105cb4f569cf0c3c89f3d7b1fecec35dd04571415982c5e48\windows-amd64\native-platform.dll
Event: 1.424 Loaded shared library C:\Users\jagan\.gradle\native\38dada09dfb8b06ba9b0570ebf7e218e3eb74d4ef43ca46872605cf95ebc2f47\windows-amd64\native-platform-file-events.dll
Event: 2.493 Loaded shared library C:\Users\jagan\.jdks\corretto-21.0.4\bin\management.dll
Event: 2.548 Loaded shared library C:\Users\jagan\.jdks\corretto-21.0.4\bin\management_ext.dll
Event: 2.984 Loaded shared library C:\Users\jagan\.jdks\corretto-21.0.4\bin\extnet.dll
Event: 3.151 Loaded shared library C:\Users\jagan\.jdks\corretto-21.0.4\bin\sunmscapi.dll

Deoptimization events (20 events):
Event: 3.914 Thread 0x0000021be4d7d530 Uncommon trap: trap_request=0xffffff45 fr.pc=0x0000021bbeae621c relative=0x0000000000000d1c
Event: 3.914 Thread 0x0000021be4d7d530 Uncommon trap: reason=unstable_if action=reinterpret pc=0x0000021bbeae621c method=java.io.WinNTFileSystem.resolve(Ljava/lang/String;Ljava/lang/String;)Ljava/lang/String; @ 19 c2
Event: 3.914 Thread 0x0000021be4d7d530 DEOPT PACKING pc=0x0000021bbeae621c sp=0x000000f46c6fd4e0
Event: 3.914 Thread 0x0000021be4d7d530 DEOPT UNPACKING pc=0x0000021bbe5746a2 sp=0x000000f46c6fd478 mode 2
Event: 3.916 Thread 0x0000021be4d7d530 Uncommon trap: trap_request=0xffffff45 fr.pc=0x0000021bbeb39f90 relative=0x0000000000000630
Event: 3.916 Thread 0x0000021be4d7d530 Uncommon trap: reason=unstable_if action=reinterpret pc=0x0000021bbeb39f90 method=java.io.File.getName()Ljava/lang/String; @ 16 c2
Event: 3.916 Thread 0x0000021be4d7d530 DEOPT PACKING pc=0x0000021bbeb39f90 sp=0x000000f46c6fd490
Event: 3.916 Thread 0x0000021be4d7d530 DEOPT UNPACKING pc=0x0000021bbe5746a2 sp=0x000000f46c6fd460 mode 2
Event: 3.947 Thread 0x0000021be4d7d530 DEOPT PACKING pc=0x0000021bb73fbf41 sp=0x000000f46c6fcc80
Event: 3.947 Thread 0x0000021be4d7d530 DEOPT UNPACKING pc=0x0000021bbe574e42 sp=0x000000f46c6fc190 mode 0
Event: 4.162 Thread 0x0000021be4d7d530 Uncommon trap: trap_request=0xffffff45 fr.pc=0x0000021bbeb9da2c relative=0x000000000000008c
Event: 4.162 Thread 0x0000021be4d7d530 Uncommon trap: reason=unstable_if action=reinterpret pc=0x0000021bbeb9da2c method=jdk.internal.misc.Unsafe.convEndian(ZI)I @ 4 c2
Event: 4.162 Thread 0x0000021be4d7d530 DEOPT PACKING pc=0x0000021bbeb9da2c sp=0x000000f46c6fb440
Event: 4.162 Thread 0x0000021be4d7d530 DEOPT UNPACKING pc=0x0000021bbe5746a2 sp=0x000000f46c6fb348 mode 2
Event: 4.189 Thread 0x0000021be4d7d530 DEOPT PACKING pc=0x0000021bb73fbf62 sp=0x000000f46c6fb0b0
Event: 4.189 Thread 0x0000021be4d7d530 DEOPT UNPACKING pc=0x0000021bbe574e42 sp=0x000000f46c6fa5c0 mode 0
Event: 4.226 Thread 0x0000021be4d7d530 DEOPT PACKING pc=0x0000021bb73fbf62 sp=0x000000f46c6f7f50
Event: 4.226 Thread 0x0000021be4d7d530 DEOPT UNPACKING pc=0x0000021bbe574e42 sp=0x000000f46c6f7460 mode 0
Event: 4.247 Thread 0x0000021be4d7d530 DEOPT PACKING pc=0x0000021bb73fbf62 sp=0x000000f46c6fb1c0
Event: 4.247 Thread 0x0000021be4d7d530 DEOPT UNPACKING pc=0x0000021bbe574e42 sp=0x000000f46c6fa6d0 mode 0

Classes loaded (20 events):
Event: 4.184 Loading class java/util/concurrent/Semaphore
Event: 4.185 Loading class java/util/concurrent/Semaphore done
Event: 4.187 Loading class java/nio/file/FileVisitOption
Event: 4.187 Loading class java/nio/file/FileVisitOption done
Event: 4.191 Loading class java/util/stream/ReduceOps$1
Event: 4.191 Loading class java/util/stream/ReduceOps$1 done
Event: 4.191 Loading class java/util/stream/ReduceOps$1ReducingSink
Event: 4.192 Loading class java/util/stream/ReduceOps$1ReducingSink done
Event: 4.232 Loading class java/io/ObjectInputStream
Event: 4.233 Loading class java/io/ObjectInput
Event: 4.234 Loading class java/io/ObjectInput done
Event: 4.234 Loading class java/io/ObjectStreamConstants
Event: 4.234 Loading class java/io/ObjectStreamConstants done
Event: 4.234 Loading class java/io/ObjectInputStream done
Event: 4.235 Loading class java/io/ObjectOutputStream
Event: 4.235 Loading class java/io/ObjectOutput
Event: 4.235 Loading class java/io/ObjectOutput done
Event: 4.235 Loading class java/io/ObjectOutputStream done
Event: 4.249 Loading class java/lang/ThreadLocal$SuppliedThreadLocal
Event: 4.249 Loading class java/lang/ThreadLocal$SuppliedThreadLocal done

Classes unloaded (0 events):
No events

Classes redefined (0 events):
No events

Internal exceptions (20 events):
Event: 3.948 Thread 0x0000021be4d7d530 Exception <a 'java/lang/NoSuchMethodError'{0x00000000ec0a5868}: 'java.lang.Object java.lang.invoke.DirectMethodHandle$Holder.invokeStatic(java.lang.Object, java.lang.Object, java.lang.Object, java.lang.Object, java.lang.Object, java.lang.Object, java.lang.Object, java.lang.Object, java.lang.Object, java.lang.Object, java.lang.Object, java.lang.Object, java.lang.Object, java.lang.Object, java.lang.Object, java.lang.Object, java.lang.Object)'> (0x00000000ec0a5868) 
thrown [s\src\hotspot\share\interpreter\lin
Event: 3.949 Thread 0x0000021be4d7d530 Exception <a 'java/lang/NoSuchMethodError'{0x00000000ec0ce428}: 'java.lang.Object java.lang.invoke.DirectMethodHandle$Holder.invokeStatic(java.lang.Object, java.lang.Object, java.lang.Object, java.lang.Object, java.lang.Object, java.lang.Object, java.lang.Object, java.lang.Object, java.lang.Object, java.lang.Object, java.lang.Object, java.lang.Object, java.lang.Object, java.lang.Object, java.lang.Object, java.lang.Object, java.lang.Object, java.lang.Object)'> (0x00000000ec0ce428) 
thrown [s\src\hotspot\sha
Event: 3.951 Thread 0x0000021be4d7d530 Exception <a 'java/lang/NoSuchMethodError'{0x00000000ec0f82e8}: 'java.lang.Object java.lang.invoke.DirectMethodHandle$Holder.invokeStatic(java.lang.Object, java.lang.Object, java.lang.Object, java.lang.Object, java.lang.Object, java.lang.Object, java.lang.Object, java.lang.Object, java.lang.Object, java.lang.Object, java.lang.Object, java.lang.Object, java.lang.Object, java.lang.Object, java.lang.Object, java.lang.Object, java.lang.Object, java.lang.Object, java.lang.Object)'> (0x00000000ec0f82e8) 
thrown 
Event: 3.953 Thread 0x0000021be4d7d530 Exception <a 'java/lang/NoSuchMethodError'{0x00000000ebf23b10}: 'java.lang.Object java.lang.invoke.DirectMethodHandle$Holder.invokeStatic(java.lang.Object, java.lang.Object, java.lang.Object, java.lang.Object, java.lang.Object, java.lang.Object, java.lang.Object, java.lang.Object, java.lang.Object, java.lang.Object, java.lang.Object, java.lang.Object, java.lang.Object, java.lang.Object, java.lang.Object, java.lang.Object, java.lang.Object, java.lang.Object, java.lang.Object, java.lang.Object)'> (0x00000000
Event: 3.954 Thread 0x0000021be4d7d530 Exception <a 'java/lang/NoSuchMethodError'{0x00000000ebf4ff58}: 'java.lang.Object java.lang.invoke.DirectMethodHandle$Holder.invokeStatic(java.lang.Object, java.lang.Object, java.lang.Object, java.lang.Object, java.lang.Object, java.lang.Object, java.lang.Object, java.lang.Object, java.lang.Object, java.lang.Object, java.lang.Object, java.lang.Object, java.lang.Object, java.lang.Object, java.lang.Object, java.lang.Object, java.lang.Object, java.lang.Object, java.lang.Object, java.lang.Object, java.lang.Obj
Event: 3.956 Thread 0x0000021be4d7d530 Exception <a 'java/lang/NoSuchMethodError'{0x00000000ebf7ceb8}: 'java.lang.Object java.lang.invoke.DirectMethodHandle$Holder.invokeStatic(java.lang.Object, java.lang.Object, java.lang.Object, java.lang.Object, java.lang.Object, java.lang.Object, java.lang.Object, java.lang.Object, java.lang.Object, java.lang.Object, java.lang.Object, java.lang.Object, java.lang.Object, java.lang.Object, java.lang.Object, java.lang.Object, java.lang.Object, java.lang.Object, java.lang.Object, java.lang.Object, java.lang.Obj
Event: 3.958 Thread 0x0000021be4d7d530 Exception <a 'java/lang/NoSuchMethodError'{0x00000000ebfaaef8}: 'java.lang.Object java.lang.invoke.DirectMethodHandle$Holder.invokeStatic(java.lang.Object, java.lang.Object, java.lang.Object, java.lang.Object, java.lang.Object, java.lang.Object, java.lang.Object, java.lang.Object, java.lang.Object, java.lang.Object, java.lang.Object, java.lang.Object, java.lang.Object, java.lang.Object, java.lang.Object, java.lang.Object, java.lang.Object, java.lang.Object, java.lang.Object, java.lang.Object, java.lang.Obj
Event: 3.960 Thread 0x0000021be4d7d530 Exception <a 'java/lang/NoSuchMethodError'{0x00000000ebfd97d8}: 'java.lang.Object java.lang.invoke.DirectMethodHandle$Holder.invokeStatic(java.lang.Object, java.lang.Object, java.lang.Object, java.lang.Object, java.lang.Object, java.lang.Object, java.lang.Object, java.lang.Object, java.lang.Object, java.lang.Object, java.lang.Object, java.lang.Object, java.lang.Object, java.lang.Object, java.lang.Object, java.lang.Object, java.lang.Object, java.lang.Object, java.lang.Object, java.lang.Object, java.lang.Obj
Event: 3.961 Thread 0x0000021be4d7d530 Exception <a 'java/lang/NoSuchMethodError'{0x00000000ebe0a318}: 'java.lang.Object java.lang.invoke.DirectMethodHandle$Holder.invokeStatic(java.lang.Object, java.lang.Object, java.lang.Object, java.lang.Object, java.lang.Object, java.lang.Object, java.lang.Object, java.lang.Object, java.lang.Object, java.lang.Object, java.lang.Object, java.lang.Object, java.lang.Object, java.lang.Object, java.lang.Object, java.lang.Object, java.lang.Object, java.lang.Object, java.lang.Object, java.lang.Object, java.lang.Obj
Event: 4.141 Thread 0x0000021be4d7d530 Exception <a 'java/lang/IncompatibleClassChangeError'{0x00000000eb6e8b80}: Found class java.lang.Object, but interface was expected> (0x00000000eb6e8b80) 
thrown [s\src\hotspot\share\interpreter\linkResolver.cpp, line 840]
Event: 4.189 Thread 0x0000021be4d7d530 Exception <a 'java/lang/NoSuchMethodError'{0x00000000eb337388}: 'int java.lang.invoke.DirectMethodHandle$Holder.invokeSpecialIFC(java.lang.Object, java.lang.Object, java.lang.Object, java.lang.Object)'> (0x00000000eb337388) 
thrown [s\src\hotspot\share\interpreter\linkResolver.cpp, line 773]
Event: 4.190 Thread 0x0000021be4d7d530 Exception <a 'java/lang/NoSuchMethodError'{0x00000000eb344c70}: 'java.lang.Object java.lang.invoke.DirectMethodHandle$Holder.invokeInterface(java.lang.Object, java.lang.Object, java.lang.Object)'> (0x00000000eb344c70) 
thrown [s\src\hotspot\share\interpreter\linkResolver.cpp, line 773]
Event: 4.190 Thread 0x0000021be4d7d530 Exception <a 'java/lang/IncompatibleClassChangeError'{0x00000000eb3485c8}: Found class java.lang.Object, but interface was expected> (0x00000000eb3485c8) 
thrown [s\src\hotspot\share\interpreter\linkResolver.cpp, line 840]
Event: 4.208 Thread 0x0000021be4d7d530 Exception <a 'java/lang/NoSuchMethodError'{0x00000000eb22fc20}: 'java.lang.Object java.lang.invoke.DirectMethodHandle$Holder.newInvokeSpecial(java.lang.Object, java.lang.Object, java.lang.Object, java.lang.Object, java.lang.Object, java.lang.Object, java.lang.Object, java.lang.Object, java.lang.Object, java.lang.Object, java.lang.Object, java.lang.Object, java.lang.Object, java.lang.Object)'> (0x00000000eb22fc20) 
thrown [s\src\hotspot\share\interpreter\linkResolver.cpp, line 773]
Event: 4.208 Thread 0x0000021be4d7d530 Exception <a 'java/lang/NoSuchMethodError'{0x00000000eb235380}: 'java.lang.Object java.lang.invoke.DirectMethodHandle$Holder.invokeSpecial(java.lang.Object, java.lang.Object, java.lang.Object, java.lang.Object, java.lang.Object, java.lang.Object, java.lang.Object, java.lang.Object, java.lang.Object, java.lang.Object, java.lang.Object, java.lang.Object, java.lang.Object, java.lang.Object, java.lang.Object)'> (0x00000000eb235380) 
thrown [s\src\hotspot\share\interpreter\linkResolver.cpp, line 773]
Event: 4.208 Thread 0x0000021be4d7d530 Exception <a 'java/lang/NoSuchMethodError'{0x00000000eb239cd0}: 'java.lang.Object java.lang.invoke.DelegatingMethodHandle$Holder.reinvoke_L(java.lang.Object, java.lang.Object, java.lang.Object, java.lang.Object, java.lang.Object, java.lang.Object, java.lang.Object, java.lang.Object, java.lang.Object, java.lang.Object, java.lang.Object, java.lang.Object, java.lang.Object, java.lang.Object)'> (0x00000000eb239cd0) 
thrown [s\src\hotspot\share\interpreter\linkResolver.cpp, line 773]
Event: 4.259 Thread 0x0000021be4d7d530 Exception <a 'java/lang/NoSuchMethodError'{0x00000000eb1fc1e8}: 'java.lang.Object java.lang.invoke.DirectMethodHandle$Holder.invokeVirtual(java.lang.Object, java.lang.Object, java.lang.Object, java.lang.Object, java.lang.Object, java.lang.Object, java.lang.Object, java.lang.Object, java.lang.Object, java.lang.Object, java.lang.Object, java.lang.Object, java.lang.Object, java.lang.Object, java.lang.Object, java.lang.Object, java.lang.Object, java.lang.Object, java.lang.Object, java.lang.Object, java.lang.Ob
Event: 4.259 Thread 0x0000021be4d7d530 Exception <a 'java/lang/NoSuchMethodError'{0x00000000eb0029b0}: 'java.lang.Object java.lang.invoke.DirectMethodHandle$Holder.invokeSpecial(java.lang.Object, java.lang.Object, java.lang.Object, java.lang.Object, java.lang.Object, java.lang.Object, java.lang.Object, java.lang.Object, java.lang.Object, java.lang.Object, java.lang.Object, java.lang.Object, java.lang.Object, java.lang.Object, java.lang.Object, java.lang.Object, java.lang.Object, java.lang.Object, java.lang.Object, java.lang.Object, java.lang.Ob
Event: 4.260 Thread 0x0000021be4d7d530 Exception <a 'java/lang/NoSuchMethodError'{0x00000000eb008238}: 'java.lang.Object java.lang.invoke.DelegatingMethodHandle$Holder.reinvoke_L(java.lang.Object, java.lang.Object, java.lang.Object, java.lang.Object, java.lang.Object, java.lang.Object, java.lang.Object, java.lang.Object, java.lang.Object, java.lang.Object, java.lang.Object, java.lang.Object, java.lang.Object, java.lang.Object, java.lang.Object, java.lang.Object, java.lang.Object, java.lang.Object, java.lang.Object, java.lang.Object, java.lang.O
Event: 4.271 Thread 0x0000021be4d7d530 Exception <a 'java/lang/NoSuchMethodError'{0x00000000eb0e2350}: 'int java.lang.invoke.DirectMethodHandle$Holder.invokeStatic(java.lang.Object, java.lang.Object, java.lang.Object, java.lang.Object)'> (0x00000000eb0e2350) 
thrown [s\src\hotspot\share\interpreter\linkResolver.cpp, line 773]

ZGC Phase Switch (0 events):
No events

VM Operations (20 events):
Event: 2.729 Executing VM operation: HandshakeAllThreads (Deoptimize)
Event: 2.729 Executing VM operation: HandshakeAllThreads (Deoptimize) done
Event: 3.044 Executing VM operation: ICBufferFull
Event: 3.045 Executing VM operation: ICBufferFull done
Event: 3.089 Executing VM operation: HandshakeAllThreads (Deoptimize)
Event: 3.089 Executing VM operation: HandshakeAllThreads (Deoptimize) done
Event: 3.343 Executing VM operation: HandshakeAllThreads (Deoptimize)
Event: 3.343 Executing VM operation: HandshakeAllThreads (Deoptimize) done
Event: 3.505 Executing VM operation: HandshakeAllThreads (Deoptimize)
Event: 3.505 Executing VM operation: HandshakeAllThreads (Deoptimize) done
Event: 3.925 Executing VM operation: HandshakeAllThreads (Deoptimize)
Event: 3.925 Executing VM operation: HandshakeAllThreads (Deoptimize) done
Event: 3.925 Executing VM operation: HandshakeAllThreads (Deoptimize)
Event: 3.925 Executing VM operation: HandshakeAllThreads (Deoptimize) done
Event: 3.966 Executing VM operation: HandshakeAllThreads (Deoptimize)
Event: 3.966 Executing VM operation: HandshakeAllThreads (Deoptimize) done
Event: 3.967 Executing VM operation: HandshakeAllThreads (Deoptimize)
Event: 3.967 Executing VM operation: HandshakeAllThreads (Deoptimize) done
Event: 4.014 Executing VM operation: ICBufferFull
Event: 4.014 Executing VM operation: ICBufferFull done

Memory protections (0 events):
No events

Nmethod flushes (0 events):
No events

Events (20 events):
Event: 1.279 Thread 0x0000021be301f8b0 Thread added: 0x0000021be39545f0
Event: 1.425 Thread 0x0000021be39545f0 Thread exited: 0x0000021be39545f0
Event: 1.522 Thread 0x0000021be301c9f0 Thread added: 0x0000021be3b66610
Event: 2.548 Thread 0x0000021be3b66610 Thread exited: 0x0000021be3b66610
Event: 2.586 Thread 0x0000021bae90b3a0 Thread added: 0x0000021be49e8240
Event: 2.995 Thread 0x0000021be301c9f0 Thread added: 0x0000021be4c02030
Event: 3.009 Thread 0x0000021bae90b3a0 Thread added: 0x0000021be3ce1f10
Event: 3.063 Thread 0x0000021bae90b3a0 Thread added: 0x0000021be4d8a360
Event: 3.167 Thread 0x0000021be3ce1f10 Thread added: 0x0000021be4d634a0
Event: 3.169 Thread 0x0000021be4d634a0 Thread added: 0x0000021be4d86a50
Event: 3.183 Thread 0x0000021be4d634a0 Thread added: 0x0000021be4e76010
Event: 3.186 Thread 0x0000021be4d634a0 Thread added: 0x0000021be4d7d530
Event: 3.195 Thread 0x0000021be4d7d530 Thread added: 0x0000021be4c92000
Event: 3.198 Thread 0x0000021be4d7d530 Thread added: 0x0000021be4c92d20
Event: 3.200 Thread 0x0000021be4d7d530 Thread added: 0x0000021be4c93a40
Event: 3.505 Thread 0x0000021be4d7d530 Thread added: 0x0000021be4c905c0
Event: 3.512 Thread 0x0000021be4d7d530 Thread added: 0x0000021be4c912e0
Event: 3.757 Thread 0x0000021be4c02030 Thread exited: 0x0000021be4c02030
Event: 3.950 Thread 0x0000021be301f8b0 Thread added: 0x0000021be5230560
Event: 4.149 Thread 0x0000021be4d7d530 Thread added: 0x0000021be4c92690


Dynamic libraries:
0x00007ff7c18e0000 - 0x00007ff7c18ee000 	C:\Users\jagan\.jdks\corretto-21.0.4\bin\java.exe
0x00007ffe4f330000 - 0x00007ffe4f547000 	C:\WINDOWS\SYSTEM32\ntdll.dll
0x00007ffe4e560000 - 0x00007ffe4e624000 	C:\WINDOWS\System32\KERNEL32.DLL
0x00007ffe4c770000 - 0x00007ffe4cb1d000 	C:\WINDOWS\System32\KERNELBASE.dll
0x00007ffe4c650000 - 0x00007ffe4c761000 	C:\WINDOWS\System32\ucrtbase.dll
0x00007ffe39f00000 - 0x00007ffe39f1b000 	C:\Users\jagan\.jdks\corretto-21.0.4\bin\VCRUNTIME140.dll
0x00007ffe39f20000 - 0x00007ffe39f38000 	C:\Users\jagan\.jdks\corretto-21.0.4\bin\jli.dll
0x00007ffe4d7e0000 - 0x00007ffe4d98e000 	C:\WINDOWS\System32\USER32.dll
0x00007ffe4cd60000 - 0x00007ffe4cd86000 	C:\WINDOWS\System32\win32u.dll
0x00007ffe43510000 - 0x00007ffe437a3000 	C:\WINDOWS\WinSxS\amd64_microsoft.windows.common-controls_6595b64144ccf1df_6.0.22621.3672_none_2713b9d173822955\COMCTL32.dll
0x00007ffe4e470000 - 0x00007ffe4e499000 	C:\WINDOWS\System32\GDI32.dll
0x00007ffe4d1f0000 - 0x00007ffe4d297000 	C:\WINDOWS\System32\msvcrt.dll
0x00007ffe4cc40000 - 0x00007ffe4cd59000 	C:\WINDOWS\System32\gdi32full.dll
0x00007ffe4cd90000 - 0x00007ffe4ce2a000 	C:\WINDOWS\System32\msvcp_win.dll
0x00007ffe4eec0000 - 0x00007ffe4eef1000 	C:\WINDOWS\System32\IMM32.DLL
0x00007ffe46780000 - 0x00007ffe4678c000 	C:\Users\jagan\.jdks\corretto-21.0.4\bin\vcruntime140_1.dll
0x00007ffe23130000 - 0x00007ffe231bd000 	C:\Users\jagan\.jdks\corretto-21.0.4\bin\msvcp140.dll
0x00007ffdbd4e0000 - 0x00007ffdbe276000 	C:\Users\jagan\.jdks\corretto-21.0.4\bin\server\jvm.dll
0x00007ffe4f170000 - 0x00007ffe4f222000 	C:\WINDOWS\System32\ADVAPI32.dll
0x00007ffe4f230000 - 0x00007ffe4f2d9000 	C:\WINDOWS\System32\sechost.dll
0x00007ffe4cb20000 - 0x00007ffe4cb48000 	C:\WINDOWS\System32\bcrypt.dll
0x00007ffe4e710000 - 0x00007ffe4e824000 	C:\WINDOWS\System32\RPCRT4.dll
0x00007ffe4d0f0000 - 0x00007ffe4d161000 	C:\WINDOWS\System32\WS2_32.dll
0x00007ffe45340000 - 0x00007ffe45374000 	C:\WINDOWS\SYSTEM32\WINMM.dll
0x00007ffe4c360000 - 0x00007ffe4c3ad000 	C:\WINDOWS\SYSTEM32\POWRPROF.dll
0x00007ffe41a40000 - 0x00007ffe41a4a000 	C:\WINDOWS\SYSTEM32\VERSION.dll
0x00007ffe4c340000 - 0x00007ffe4c353000 	C:\WINDOWS\SYSTEM32\UMPDC.dll
0x00007ffe4b680000 - 0x00007ffe4b698000 	C:\WINDOWS\SYSTEM32\kernel.appcore.dll
0x00007ffe453d0000 - 0x00007ffe453da000 	C:\Users\jagan\.jdks\corretto-21.0.4\bin\jimage.dll
0x00007ffe49ea0000 - 0x00007ffe4a0d2000 	C:\WINDOWS\SYSTEM32\DBGHELP.DLL
0x00007ffe4d2a0000 - 0x00007ffe4d62d000 	C:\WINDOWS\System32\combase.dll
0x00007ffe4e630000 - 0x00007ffe4e707000 	C:\WINDOWS\System32\OLEAUT32.dll
0x00007ffe40170000 - 0x00007ffe401a2000 	C:\WINDOWS\SYSTEM32\dbgcore.DLL
0x00007ffe4cb50000 - 0x00007ffe4cbcb000 	C:\WINDOWS\System32\bcryptPrimitives.dll
0x00007ffe43890000 - 0x00007ffe4389e000 	C:\Users\jagan\.jdks\corretto-21.0.4\bin\instrument.dll
0x00007ffe39ee0000 - 0x00007ffe39eff000 	C:\Users\jagan\.jdks\corretto-21.0.4\bin\java.dll
0x00007ffe4db00000 - 0x00007ffe4e368000 	C:\WINDOWS\System32\SHELL32.dll
0x00007ffe4a5a0000 - 0x00007ffe4ae9e000 	C:\WINDOWS\SYSTEM32\windows.storage.dll
0x00007ffe4a460000 - 0x00007ffe4a59f000 	C:\WINDOWS\SYSTEM32\wintypes.dll
0x00007ffe4d990000 - 0x00007ffe4da89000 	C:\WINDOWS\System32\SHCORE.dll
0x00007ffe4f080000 - 0x00007ffe4f0de000 	C:\WINDOWS\System32\shlwapi.dll
0x00007ffe4c580000 - 0x00007ffe4c5a1000 	C:\WINDOWS\SYSTEM32\profapi.dll
0x00007ffe1db60000 - 0x00007ffe1dc37000 	C:\Users\jagan\.jdks\corretto-21.0.4\bin\jsvml.dll
0x00007ffe39e30000 - 0x00007ffe39e48000 	C:\Users\jagan\.jdks\corretto-21.0.4\bin\zip.dll
0x00007ffe3a870000 - 0x00007ffe3a880000 	C:\Users\jagan\.jdks\corretto-21.0.4\bin\net.dll
0x00007ffe48730000 - 0x00007ffe48866000 	C:\WINDOWS\SYSTEM32\WINHTTP.dll
0x00007ffe4baf0000 - 0x00007ffe4bb59000 	C:\WINDOWS\system32\mswsock.dll
0x00007ffe28bb0000 - 0x00007ffe28bc6000 	C:\Users\jagan\.jdks\corretto-21.0.4\bin\nio.dll
0x00007ffe3a080000 - 0x00007ffe3a090000 	C:\Users\jagan\.jdks\corretto-21.0.4\bin\verify.dll
0x00007ffe3a2e0000 - 0x00007ffe3a307000 	C:\Users\jagan\.gradle\native\c067742578af261105cb4f569cf0c3c89f3d7b1fecec35dd04571415982c5e48\windows-amd64\native-platform.dll
0x00007ffe1da10000 - 0x00007ffe1db54000 	C:\Users\jagan\.gradle\native\38dada09dfb8b06ba9b0570ebf7e218e3eb74d4ef43ca46872605cf95ebc2f47\windows-amd64\native-platform-file-events.dll
0x00007ffe3a010000 - 0x00007ffe3a019000 	C:\Users\jagan\.jdks\corretto-21.0.4\bin\management.dll
0x00007ffe39c70000 - 0x00007ffe39c7b000 	C:\Users\jagan\.jdks\corretto-21.0.4\bin\management_ext.dll
0x00007ffe4da90000 - 0x00007ffe4da98000 	C:\WINDOWS\System32\PSAPI.DLL
0x00007ffe4bd60000 - 0x00007ffe4bd7b000 	C:\WINDOWS\SYSTEM32\CRYPTSP.dll
0x00007ffe4b5e0000 - 0x00007ffe4b615000 	C:\WINDOWS\system32\rsaenh.dll
0x00007ffe4bbf0000 - 0x00007ffe4bc18000 	C:\WINDOWS\SYSTEM32\USERENV.dll
0x00007ffe4bd50000 - 0x00007ffe4bd5c000 	C:\WINDOWS\SYSTEM32\CRYPTBASE.dll
0x00007ffe4b100000 - 0x00007ffe4b12d000 	C:\WINDOWS\SYSTEM32\IPHLPAPI.DLL
0x00007ffe4f100000 - 0x00007ffe4f109000 	C:\WINDOWS\System32\NSI.dll
0x00007ffe35f30000 - 0x00007ffe35f39000 	C:\Users\jagan\.jdks\corretto-21.0.4\bin\extnet.dll
0x00007ffe33820000 - 0x00007ffe3382e000 	C:\Users\jagan\.jdks\corretto-21.0.4\bin\sunmscapi.dll
0x00007ffe4ce30000 - 0x00007ffe4cf97000 	C:\WINDOWS\System32\CRYPT32.dll
0x00007ffe4bf10000 - 0x00007ffe4bf3e000 	C:\WINDOWS\SYSTEM32\ncrypt.dll
0x00007ffe4bed0000 - 0x00007ffe4bf07000 	C:\WINDOWS\SYSTEM32\NTASN1.dll
0x00007ffe0f300000 - 0x00007ffe0f308000 	C:\WINDOWS\system32\wshunix.dll

dbghelp: loaded successfully - version: 4.0.5 - missing functions: none
symbol engine: initialized successfully - sym options: 0x614 - pdb path: .;C:\Users\jagan\.jdks\corretto-21.0.4\bin;C:\WINDOWS\SYSTEM32;C:\WINDOWS\WinSxS\amd64_microsoft.windows.common-controls_6595b64144ccf1df_6.0.22621.3672_none_2713b9d173822955;C:\Users\jagan\.jdks\corretto-21.0.4\bin\server;C:\Users\jagan\.gradle\native\c067742578af261105cb4f569cf0c3c89f3d7b1fecec35dd04571415982c5e48\windows-amd64;C:\Users\jagan\.gradle\native\38dada09dfb8b06ba9b0570ebf7e218e3eb74d4ef43ca46872605cf95ebc2f47\windows-amd64

VM Arguments:
jvm_args: --add-opens=java.base/java.util=ALL-UNNAMED --add-opens=java.base/java.lang=ALL-UNNAMED --add-opens=java.base/java.lang.invoke=ALL-UNNAMED --add-opens=java.prefs/java.util.prefs=ALL-UNNAMED --add-opens=java.base/java.nio.charset=ALL-UNNAMED --add-opens=java.base/java.net=ALL-UNNAMED --add-opens=java.base/java.util.concurrent.atomic=ALL-UNNAMED -XX:MaxMetaspaceSize=384m -XX:+HeapDumpOnOutOfMemoryError -Xms256m -Xmx512m -Dfile.encoding=windows-1252 -Duser.country=US -Duser.language=en -Duser.variant -javaagent:C:\Users\jagan\.gradle\wrapper\dists\gradle-8.5-bin\5t9huq95ubn472n8rpzujfbqh\gradle-8.5\lib\agents\gradle-instrumentation-agent-8.5.jar 
java_command: org.gradle.launcher.daemon.bootstrap.GradleDaemon 8.5
java_class_path (initial): C:\Users\jagan\.gradle\wrapper\dists\gradle-8.5-bin\5t9huq95ubn472n8rpzujfbqh\gradle-8.5\lib\gradle-launcher-8.5.jar
Launcher Type: SUN_STANDARD

[Global flags]
     intx CICompilerCount                          = 4                                         {product} {ergonomic}
   size_t CompressedClassSpaceSize                 = 335544320                                 {product} {ergonomic}
     uint ConcGCThreads                            = 3                                         {product} {ergonomic}
     uint G1ConcRefinementThreads                  = 10                                        {product} {ergonomic}
   size_t G1HeapRegionSize                         = 1048576                                   {product} {ergonomic}
    uintx GCDrainStackTargetSize                   = 64                                        {product} {ergonomic}
     bool HeapDumpOnOutOfMemoryError               = true                                   {manageable} {command line}
   size_t InitialHeapSize                          = 268435456                                 {product} {command line}
   size_t MarkStackSize                            = 4194304                                   {product} {ergonomic}
   size_t MaxHeapSize                              = 536870912                                 {product} {command line}
   size_t MaxMetaspaceSize                         = 402653184                                 {product} {command line}
   size_t MaxNewSize                               = 321912832                                 {product} {ergonomic}
   size_t MinHeapDeltaBytes                        = 1048576                                   {product} {ergonomic}
   size_t MinHeapSize                              = 268435456                                 {product} {command line}
    uintx NonNMethodCodeHeapSize                   = 5839372                                {pd product} {ergonomic}
    uintx NonProfiledCodeHeapSize                  = 122909434                              {pd product} {ergonomic}
    uintx ProfiledCodeHeapSize                     = 122909434                              {pd product} {ergonomic}
    uintx ReservedCodeCacheSize                    = 251658240                              {pd product} {ergonomic}
     bool SegmentedCodeCache                       = true                                      {product} {ergonomic}
   size_t SoftMaxHeapSize                          = 536870912                              {manageable} {ergonomic}
     bool UseCompressedOops                        = true                           {product lp64_product} {ergonomic}
     bool UseG1GC                                  = true                                      {product} {ergonomic}
     bool UseLargePagesIndividualAllocation        = false                                  {pd product} {ergonomic}

Logging:
Log output configuration:
 #0: stdout all=warning uptime,level,tags foldmultilines=false
 #1: stderr all=off uptime,level,tags foldmultilines=false

Environment Variables:
JAVA_HOME=C:\Program Files\Java\jdk-22
PATH=C:\Program Files\Common Files\Oracle\Java\javapath;C:\WINDOWS\system32;C:\WINDOWS;C:\WINDOWS\System32\Wbem;C:\WINDOWS\System32\WindowsPowerShell\v1.0\;C:\Program Files\Git\cmd;C:\Program Files\Git\bin;C:\wamp64\bin\php\php8.1.13;C:\ProgramData\ComposerSetup\bin;C:\ProgramData\ComposerSetup\cmd;C:\Program Files\nodejs\;C:\Program Files\PuTTY\;C:\WINDOWS\System32\OpenSSH\;C:\mongosh\bin\;C:\Program Files\Java\jdk-22\bin;C:\Users\jagan\AppData\Local\Microsoft\WindowsApps;;C:\Users\jagan\AppData\Local\Programs\Microsoft VS Code\bin;C:\Users\jagan\AppData\Roaming\Composer\vendor\bin;C:\Users\jagan\AppData\Roaming\npm;C:\Program Files\JetBrains\IntelliJ IDEA Community Edition 2024.1.4\bin;
USERNAME=Sowndarya
OS=Windows_NT
PROCESSOR_IDENTIFIER=Intel64 Family 6 Model 154 Stepping 4, GenuineIntel
TMP=C:\Users\jagan\AppData\Local\Temp
TEMP=C:\Users\jagan\AppData\Local\Temp




Periodic native trim disabled

---------------  S Y S T E M  ---------------

OS:
 Windows 11 , 64 bit Build 22621 (10.0.22621.3958)
OS uptime: 13 days 3:37 hours

CPU: total 12 (initial active 12) (12 cores per cpu, 1 threads per core) family 6 model 154 stepping 4 microcode 0x41b, cx8, cmov, fxsr, mmx, 3dnowpref, sse, sse2, sse3, ssse3, sse4.1, sse4.2, popcnt, lzcnt, tsc, tscinvbit, avx, avx2, aes, erms, clmul, bmi1, bmi2, adx, sha, fma, vzeroupper, clflush, clflushopt, clwb, serialize, rdtscp, rdpid, fsrm, f16c, pku, cet_ibt, cet_ss
Processor Information for processor 0
  Max Mhz: 1300, Current Mhz: 1300, Mhz Limit: 1300
Processor Information for processor 1
  Max Mhz: 1300, Current Mhz: 1300, Mhz Limit: 1300
Processor Information for processor 2
  Max Mhz: 1300, Current Mhz: 1300, Mhz Limit: 1300
Processor Information for processor 3
  Max Mhz: 1300, Current Mhz: 1300, Mhz Limit: 1300
Processor Information for processor 4
  Max Mhz: 1300, Current Mhz: 900, Mhz Limit: 897
Processor Information for processor 5
  Max Mhz: 1300, Current Mhz: 900, Mhz Limit: 897
Processor Information for processor 6
  Max Mhz: 1300, Current Mhz: 900, Mhz Limit: 897
Processor Information for processor 7
  Max Mhz: 1300, Current Mhz: 900, Mhz Limit: 897
Processor Information for processor 8
  Max Mhz: 1300, Current Mhz: 900, Mhz Limit: 897
Processor Information for processor 9
  Max Mhz: 1300, Current Mhz: 900, Mhz Limit: 897
Processor Information for processor 10
  Max Mhz: 1300, Current Mhz: 900, Mhz Limit: 897
Processor Information for processor 11
  Max Mhz: 1300, Current Mhz: 900, Mhz Limit: 897

Memory: 4k page, system-wide physical 7886M (534M free)
TotalPageFile size 32462M (AvailPageFile size 7M)
current process WorkingSet (physical memory assigned to process): 222M, peak: 225M
current process commit charge ("private bytes"): 436M, peak: 440M

vm_info: OpenJDK 64-Bit Server VM (21.0.4+7-LTS) for windows-amd64 JRE (21.0.4+7-LTS), built on 2024-07-10T17:34:29Z by "Administrator" with MS VC++ 16.10 / 16.11 (VS2019)

END.
