#
# There is insufficient memory for the Java Runtime Environment to continue.
# Native memory allocation (mmap) failed to map 130023424 bytes. Error detail: G1 virtual space
# Possible reasons:
#   The system is out of physical RAM or swap space
#   This process is running with CompressedOops enabled, and the Java Heap may be blocking the growth of the native heap
# Possible solutions:
#   Reduce memory load on the system
#   Increase physical memory or swap space
#   Check if swap backing store is full
#   Decrease Java heap size (-Xmx/-Xms)
#   Decrease number of Java threads
#   Decrease Java thread stack sizes (-Xss)
#   Set larger code cache with -XX:ReservedCodeCacheSize=
#   JVM is running with Unscaled Compressed Oops mode in which the Java heap is
#     placed in the first 4GB address space. The Java Heap base address is the
#     maximum limit for the native heap growth. Please use -XX:HeapBaseMinAddress
#     to set the Java Heap base and to place the Java Heap above 4GB virtual address.
# This output file may be truncated or incomplete.
#
#  Out of Memory Error (os_windows.cpp:3616), pid=32092, tid=20376
#
# JRE version:  (21.0.4+7) (build )
# Java VM: OpenJDK 64-Bit Server VM (21.0.4+7-LTS, mixed mode, sharing, tiered, compressed oops, compressed class ptrs, g1 gc, windows-amd64)
# No core dump will be written. Minidumps are not enabled by default on client versions of Windows
#

---------------  S U M M A R Y ------------

Command Line: org.jetbrains.kotlin.cli.jvm.K2JVMCompiler @C:\Users\jagan\IdeaProjects\Coroutines\build\20240830_6328876182022028306.compiler.options

Host: 12th Gen Intel(R) Core(TM) i5-1235U, 12 cores, 7G,  Windows 11 , 64 bit Build 22621 (10.0.22621.3958)
Time: Fri Aug 30 15:12:01 2024 India Standard Time elapsed time: 0.030719 seconds (0d 0h 0m 0s)

---------------  T H R E A D  ---------------

Current thread (0x00000162111e61e0):  JavaThread "Unknown thread" [_thread_in_vm, id=20376, stack(0x0000002501900000,0x0000002501a00000) (1024K)]

Stack: [0x0000002501900000,0x0000002501a00000]
Native frames: (J=compiled Java code, j=interpreted, Vv=VM code, C=native code)
V  [jvm.dll+0x6d83d9]
V  [jvm.dll+0x8b39f3]
V  [jvm.dll+0x8b5d4e]
V  [jvm.dll+0x8b6433]
V  [jvm.dll+0x285816]
V  [jvm.dll+0x6d4b65]
V  [jvm.dll+0x6c929a]
V  [jvm.dll+0x35e2fb]
V  [jvm.dll+0x365ea6]
V  [jvm.dll+0x3b7e76]
V  [jvm.dll+0x3b8148]
V  [jvm.dll+0x331a3c]
V  [jvm.dll+0x33272b]
V  [jvm.dll+0x87bce9]
V  [jvm.dll+0x3c4f91]
V  [jvm.dll+0x865093]
V  [jvm.dll+0x45916e]
V  [jvm.dll+0x45adf1]
C  [jli.dll+0x52ab]
C  [ucrtbase.dll+0x29333]
C  [KERNEL32.DLL+0x1257d]
C  [ntdll.dll+0x5af28]


---------------  P R O C E S S  ---------------

Threads class SMR info:
_java_thread_list=0x00007ffdbe122048, length=0, elements={
}

Java Threads: ( => current thread )
Total: 0

Other Threads:
  0x00000162111bce30 WorkerThread "GC Thread#0"                     [id=45404, stack(0x0000002501a00000,0x0000002501b00000) (1024K)]
  0x0000016213456630 ConcurrentGCThread "G1 Main Marker"            [id=11492, stack(0x0000002501b00000,0x0000002501c00000) (1024K)]
  0x00000162111bd1d0 WorkerThread "G1 Conc#0"                       [id=22988, stack(0x0000002501c00000,0x0000002501d00000) (1024K)]

[error occurred during error reporting (printing all threads), id 0xc0000005, EXCEPTION_ACCESS_VIOLATION (0xc0000005) at pc=0x00007ffdbd824af7]
VM state: not at safepoint (not fully initialized)

VM Mutex/Monitor currently owned by a thread:  ([mutex/lock_event])
[0x00007ffdbe1963a8] Heap_lock - owner thread: 0x00000162111e61e0

Heap address: 0x0000000084c00000, size: 1972 MB, Compressed Oops mode: 32-bit

CDS archive(s) mapped at: [0x0000000000000000-0x0000000000000000-0x0000000000000000), size 0, SharedBaseAddress: 0x0000000800000000, ArchiveRelocationMode: 1.
Narrow klass base: 0x0000000000000000, Narrow klass shift: 0, Narrow klass range: 0x0

GC Precious Log:
 CardTable entry size: 512
 Card Set container configuration: InlinePtr #cards 5 size 8 Array Of Cards #cards 12 size 40 Howl #buckets 4 coarsen threshold 1843 Howl Bitmap #cards 512 size 80 coarsen threshold 460 Card regions per heap region 1 cards per card region 2048

Heap:
 garbage-first heap   total 0K, used 0K [0x0000000084c00000, 0x0000000100000000)
  region size 1024K, 0 young (0K), 0 survivors (0K)

[error occurred during error reporting (printing heap information), id 0xc0000005, EXCEPTION_ACCESS_VIOLATION (0xc0000005) at pc=0x00007ffdbdc11cf9]
GC Heap History (0 events):
No events

Dll operation events (1 events):
Event: 0.009 Loaded shared library C:\Users\jagan\.jdks\corretto-21.0.4\bin\java.dll

Deoptimization events (0 events):
No events

Classes loaded (0 events):
No events

Classes unloaded (0 events):
No events

Classes redefined (0 events):
No events

Internal exceptions (0 events):
No events

ZGC Phase Switch (0 events):
No events

VM Operations (0 events):
No events

Memory protections (0 events):
No events

Nmethod flushes (0 events):
No events

Events (0 events):
No events


Dynamic libraries:
0x00007ff78b2e0000 - 0x00007ff78b2ee000 	C:\Users\jagan\.jdks\corretto-21.0.4\bin\java.exe
0x00007ffe4f330000 - 0x00007ffe4f547000 	C:\WINDOWS\SYSTEM32\ntdll.dll
0x00007ffe4e560000 - 0x00007ffe4e624000 	C:\WINDOWS\System32\KERNEL32.DLL
0x00007ffe4c770000 - 0x00007ffe4cb1d000 	C:\WINDOWS\System32\KERNELBASE.dll
0x00007ffe4c650000 - 0x00007ffe4c761000 	C:\WINDOWS\System32\ucrtbase.dll
0x00007ffe39f20000 - 0x00007ffe39f38000 	C:\Users\jagan\.jdks\corretto-21.0.4\bin\jli.dll
0x00007ffe46690000 - 0x00007ffe466ab000 	C:\Users\jagan\.jdks\corretto-21.0.4\bin\VCRUNTIME140.dll
0x00007ffe4d7e0000 - 0x00007ffe4d98e000 	C:\WINDOWS\System32\USER32.dll
0x00007ffe4cd60000 - 0x00007ffe4cd86000 	C:\WINDOWS\System32\win32u.dll
0x00007ffe43510000 - 0x00007ffe437a3000 	C:\WINDOWS\WinSxS\amd64_microsoft.windows.common-controls_6595b64144ccf1df_6.0.22621.3672_none_2713b9d173822955\COMCTL32.dll
0x00007ffe4e470000 - 0x00007ffe4e499000 	C:\WINDOWS\System32\GDI32.dll
0x00007ffe4d1f0000 - 0x00007ffe4d297000 	C:\WINDOWS\System32\msvcrt.dll
0x00007ffe4cc40000 - 0x00007ffe4cd59000 	C:\WINDOWS\System32\gdi32full.dll
0x00007ffe4cd90000 - 0x00007ffe4ce2a000 	C:\WINDOWS\System32\msvcp_win.dll
0x00007ffe4eec0000 - 0x00007ffe4eef1000 	C:\WINDOWS\System32\IMM32.DLL
0x00007ffe46780000 - 0x00007ffe4678c000 	C:\Users\jagan\.jdks\corretto-21.0.4\bin\vcruntime140_1.dll
0x00007ffe23130000 - 0x00007ffe231bd000 	C:\Users\jagan\.jdks\corretto-21.0.4\bin\msvcp140.dll
0x00007ffdbd4e0000 - 0x00007ffdbe276000 	C:\Users\jagan\.jdks\corretto-21.0.4\bin\server\jvm.dll
0x00007ffe4f170000 - 0x00007ffe4f222000 	C:\WINDOWS\System32\ADVAPI32.dll
0x00007ffe4f230000 - 0x00007ffe4f2d9000 	C:\WINDOWS\System32\sechost.dll
0x00007ffe4cb20000 - 0x00007ffe4cb48000 	C:\WINDOWS\System32\bcrypt.dll
0x00007ffe4e710000 - 0x00007ffe4e824000 	C:\WINDOWS\System32\RPCRT4.dll
0x00007ffe4d0f0000 - 0x00007ffe4d161000 	C:\WINDOWS\System32\WS2_32.dll
0x00007ffe45340000 - 0x00007ffe45374000 	C:\WINDOWS\SYSTEM32\WINMM.dll
0x00007ffe4c360000 - 0x00007ffe4c3ad000 	C:\WINDOWS\SYSTEM32\POWRPROF.dll
0x00007ffe41a40000 - 0x00007ffe41a4a000 	C:\WINDOWS\SYSTEM32\VERSION.dll
0x00007ffe4c340000 - 0x00007ffe4c353000 	C:\WINDOWS\SYSTEM32\UMPDC.dll
0x00007ffe4b680000 - 0x00007ffe4b698000 	C:\WINDOWS\SYSTEM32\kernel.appcore.dll
0x00007ffe453d0000 - 0x00007ffe453da000 	C:\Users\jagan\.jdks\corretto-21.0.4\bin\jimage.dll
0x00007ffe49ea0000 - 0x00007ffe4a0d2000 	C:\WINDOWS\SYSTEM32\DBGHELP.DLL
0x00007ffe4d2a0000 - 0x00007ffe4d62d000 	C:\WINDOWS\System32\combase.dll
0x00007ffe4e630000 - 0x00007ffe4e707000 	C:\WINDOWS\System32\OLEAUT32.dll
0x00007ffe40170000 - 0x00007ffe401a2000 	C:\WINDOWS\SYSTEM32\dbgcore.DLL
0x00007ffe4cb50000 - 0x00007ffe4cbcb000 	C:\WINDOWS\System32\bcryptPrimitives.dll
0x00007ffe39f00000 - 0x00007ffe39f1f000 	C:\Users\jagan\.jdks\corretto-21.0.4\bin\java.dll

dbghelp: loaded successfully - version: 4.0.5 - missing functions: none
symbol engine: initialized successfully - sym options: 0x614 - pdb path: .;C:\Users\jagan\.jdks\corretto-21.0.4\bin;C:\WINDOWS\SYSTEM32;C:\WINDOWS\WinSxS\amd64_microsoft.windows.common-controls_6595b64144ccf1df_6.0.22621.3672_none_2713b9d173822955;C:\Users\jagan\.jdks\corretto-21.0.4\bin\server

VM Arguments:
java_command: org.jetbrains.kotlin.cli.jvm.K2JVMCompiler @C:\Users\jagan\IdeaProjects\Coroutines\build\20240830_6328876182022028306.compiler.options
java_class_path (initial): C:\Users\jagan\.gradle\caches\modules-2\files-2.1\org.jetbrains.kotlin\kotlin-compiler-embeddable\2.0.0\1de310de3446414381282ffc46c3ed3919a4d1da\kotlin-compiler-embeddable-2.0.0.jar;C:\Users\jagan\.gradle\caches\modules-2\files-2.1\org.jetbrains.kotlin\kotlin-stdlib\2.0.0\b48df2c4aede9586cc931ead433bc02d6fd7879e\kotlin-stdlib-2.0.0.jar;C:\Users\jagan\.gradle\caches\modules-2\files-2.1\org.jetbrains.kotlin\kotlin-script-runtime\2.0.0\fdc27dd047d592fa41d2dfa21e7621287a361612\kotlin-script-runtime-2.0.0.jar;C:\Users\jagan\.gradle\caches\modules-2\files-2.1\org.jetbrains.kotlin\kotlin-reflect\1.6.10\1cbe9c92c12a94eea200d23c2bbaedaf3daf5132\kotlin-reflect-1.6.10.jar;C:\Users\jagan\.gradle\caches\modules-2\files-2.1\org.jetbrains.kotlin\kotlin-daemon-embeddable\2.0.0\b39c612768614c4428c96ee9c65477181fffe9d\kotlin-daemon-embeddable-2.0.0.jar;C:\Users\jagan\.gradle\caches\modules-2\files-2.1\org.jetbrains.intellij.deps\trove4j\1.0.20200330\3afb14d5f9ceb459d724e907a21145e8ff394f02\trove4j-1.0.20200330.jar;C:\Users\jagan\.gradle\caches\modules-2\files-2.1\org.jetbrains\annotations\13.0\919f0dfe192fb4e063e7dacadee7f8bb9a2672a9\annotations-13.0.jar
Launcher Type: SUN_STANDARD

[Global flags]
     intx CICompilerCount                          = 4                                         {product} {ergonomic}
     uint ConcGCThreads                            = 3                                         {product} {ergonomic}
     uint G1ConcRefinementThreads                  = 10                                        {product} {ergonomic}
   size_t G1HeapRegionSize                         = 1048576                                   {product} {ergonomic}
    uintx GCDrainStackTargetSize                   = 64                                        {product} {ergonomic}
   size_t InitialHeapSize                          = 130023424                                 {product} {ergonomic}
   size_t MarkStackSize                            = 4194304                                   {product} {ergonomic}
   size_t MaxHeapSize                              = 2067791872                                {product} {ergonomic}
   size_t MinHeapDeltaBytes                        = 1048576                                   {product} {ergonomic}
   size_t MinHeapSize                              = 8388608                                   {product} {ergonomic}
    uintx NonNMethodCodeHeapSize                   = 5839372                                {pd product} {ergonomic}
    uintx NonProfiledCodeHeapSize                  = 122909434                              {pd product} {ergonomic}
    uintx ProfiledCodeHeapSize                     = 122909434                              {pd product} {ergonomic}
    uintx ReservedCodeCacheSize                    = 251658240                              {pd product} {ergonomic}
     bool SegmentedCodeCache                       = true                                      {product} {ergonomic}
   size_t SoftMaxHeapSize                          = 2067791872                             {manageable} {ergonomic}
     bool UseCompressedOops                        = true                           {product lp64_product} {ergonomic}
     bool UseG1GC                                  = true                                      {product} {ergonomic}
     bool UseLargePagesIndividualAllocation        = false                                  {pd product} {ergonomic}

Logging:
Log output configuration:
 #0: stdout all=warning uptime,level,tags foldmultilines=false
 #1: stderr all=off uptime,level,tags foldmultilines=false

Environment Variables:
JAVA_HOME=C:\Program Files\Java\jdk-22
PATH=C:\Program Files\Common Files\Oracle\Java\javapath;C:\WINDOWS\system32;C:\WINDOWS;C:\WINDOWS\System32\Wbem;C:\WINDOWS\System32\WindowsPowerShell\v1.0\;C:\Program Files\Git\cmd;C:\Program Files\Git\bin;C:\wamp64\bin\php\php8.1.13;C:\ProgramData\ComposerSetup\bin;C:\ProgramData\ComposerSetup\cmd;C:\Program Files\nodejs\;C:\Program Files\PuTTY\;C:\WINDOWS\System32\OpenSSH\;C:\mongosh\bin\;C:\Program Files\Java\jdk-22\bin;C:\Users\jagan\AppData\Local\Microsoft\WindowsApps;;C:\Users\jagan\AppData\Local\Programs\Microsoft VS Code\bin;C:\Users\jagan\AppData\Roaming\Composer\vendor\bin;C:\Users\jagan\AppData\Roaming\npm;C:\Program Files\JetBrains\IntelliJ IDEA Community Edition 2024.1.4\bin;
USERNAME=Sowndarya
OS=Windows_NT
PROCESSOR_IDENTIFIER=Intel64 Family 6 Model 154 Stepping 4, GenuineIntel
TMP=C:\Users\jagan\AppData\Local\Temp
TEMP=C:\Users\jagan\AppData\Local\Temp




Periodic native trim disabled

---------------  S Y S T E M  ---------------

OS:
 Windows 11 , 64 bit Build 22621 (10.0.22621.3958)
OS uptime: 13 days 3:38 hours

CPU: total 12 (initial active 12) (6 cores per cpu, 2 threads per core) family 6 model 154 stepping 4 microcode 0x41b, cx8, cmov, fxsr, ht, mmx, 3dnowpref, sse, sse2, sse3, ssse3, sse4.1, sse4.2, popcnt, lzcnt, tsc, tscinvbit, avx, avx2, aes, erms, clmul, bmi1, bmi2, adx, sha, fma, vzeroupper, clflush, clflushopt, clwb, serialize, rdtscp, rdpid, fsrm, f16c, pku, cet_ibt, cet_ss
Processor Information for processor 0
  Max Mhz: 1300, Current Mhz: 1300, Mhz Limit: 1300
Processor Information for processor 1
  Max Mhz: 1300, Current Mhz: 1300, Mhz Limit: 1300
Processor Information for processor 2
  Max Mhz: 1300, Current Mhz: 1300, Mhz Limit: 1300
Processor Information for processor 3
  Max Mhz: 1300, Current Mhz: 1300, Mhz Limit: 1300
Processor Information for processor 4
  Max Mhz: 1300, Current Mhz: 900, Mhz Limit: 897
Processor Information for processor 5
  Max Mhz: 1300, Current Mhz: 900, Mhz Limit: 897
Processor Information for processor 6
  Max Mhz: 1300, Current Mhz: 900, Mhz Limit: 897
Processor Information for processor 7
  Max Mhz: 1300, Current Mhz: 900, Mhz Limit: 897
Processor Information for processor 8
  Max Mhz: 1300, Current Mhz: 900, Mhz Limit: 897
Processor Information for processor 9
  Max Mhz: 1300, Current Mhz: 900, Mhz Limit: 897
Processor Information for processor 10
  Max Mhz: 1300, Current Mhz: 900, Mhz Limit: 897
Processor Information for processor 11
  Max Mhz: 1300, Current Mhz: 900, Mhz Limit: 897

Memory: 4k page, system-wide physical 7886M (850M free)
TotalPageFile size 32462M (AvailPageFile size 49M)
current process WorkingSet (physical memory assigned to process): 10M, peak: 10M
current process commit charge ("private bytes"): 64M, peak: 188M

vm_info: OpenJDK 64-Bit Server VM (21.0.4+7-LTS) for windows-amd64 JRE (21.0.4+7-LTS), built on 2024-07-10T17:34:29Z by "Administrator" with MS VC++ 16.10 / 16.11 (VS2019)

END.
